Log file open, 01/13/18 16:35:07
LogWindows: Failed to load 'aqProf.dll' (GetLastError=126)
LogWindows: File 'aqProf.dll' does not exist
LogWindows: Failed to load 'VtuneApi.dll' (GetLastError=126)
LogWindows: File 'VtuneApi.dll' does not exist
LogWindows: Failed to load 'VtuneApi32e.dll' (GetLastError=126)
LogWindows: File 'VtuneApi32e.dll' does not exist
LogInit: Display: Running engine for game: GachaGame
LogPlatformFile: Not using cached read wrapper
LogInit: Display: RandInit(844992015) SRandInit(844992015).
LogInit: Read version file with build ID '3709383'
LogInit: Overriding engine version to CL 3794801, compatible CL 3709383
LogInit: Registered custom module enumerator with build ID '3709383'
LogTaskGraph: Started task graph with 5 named threads and 14 total threads with 3 sets of task threads.
LogStats: Stats thread started at 0.148077
LogD3D11RHI: Aftermath initialized
LogModuleManager: Display: Found up-to-date module file ../../../Engine/Plugins/2D/Paper2D/Binaries/Win64/UE4Editor-Paper2D.dll (API version 3709383).
LogModuleManager: Display: Found up-to-date module file ../../../Engine/Plugins/2D/Paper2D/Binaries/Win64/UE4Editor-Paper2DEditor.dll (API version 3709383).
LogModuleManager: Display: Found up-to-date module file ../../../Engine/Plugins/2D/Paper2D/Binaries/Win64/UE4Editor-PaperSpriteSheetImporter.dll (API version 3709383).
LogModuleManager: Display: Found up-to-date module file ../../../Engine/Plugins/2D/Paper2D/Binaries/Win64/UE4Editor-PaperTiledImporter.dll (API version 3709383).
LogModuleManager: Display: Found up-to-date module file ../../../Engine/Plugins/2D/Paper2D/Binaries/Win64/UE4Editor-SmartSnapping.dll (API version 3709383).
LogModuleManager: Display: Found up-to-date module file ../../../Engine/Plugins/Blendables/LightPropagationVolume/Binaries/Win64/UE4Editor-LightPropagationVolumeRuntime.dll (API version 3709383).
LogModuleManager: Display: Found up-to-date module file ../../../Engine/Plugins/Blendables/LightPropagationVolume/Binaries/Win64/UE4Editor-LightPropagationVolumeEditor.dll (API version 3709383).
LogModuleManager: Display: Found up-to-date module file ../../../Engine/Plugins/Developer/GitSourceControl/Binaries/Win64/UE4Editor-GitSourceControl.dll (API version 3709383).
LogModuleManager: Display: Found up-to-date module file ../../../Engine/Plugins/Developer/PerforceSourceControl/Binaries/Win64/UE4Editor-PerforceSourceControl.dll (API version 3709383).
LogModuleManager: Display: Found up-to-date module file ../../../Engine/Plugins/Developer/SubversionSourceControl/Binaries/Win64/UE4Editor-SubversionSourceControl.dll (API version 3709383).
LogModuleManager: Display: Found up-to-date module file ../../../Engine/Plugins/Developer/UObjectPlugin/Binaries/Win64/UE4Editor-UObjectPlugin.dll (API version 3709383).
LogModuleManager: Display: Found up-to-date module file ../../../Engine/Plugins/Developer/VisualStudioCodeSourceCodeAccess/Binaries/Win64/UE4Editor-VisualStudioCodeSourceCodeAccess.dll (API version 3709383).
LogModuleManager: Display: Found up-to-date module file ../../../Engine/Plugins/Developer/VisualStudioSourceCodeAccess/Binaries/Win64/UE4Editor-VisualStudioSourceCodeAccess.dll (API version 3709383).
LogModuleManager: Display: Found up-to-date module file ../../../Engine/Plugins/Editor/AssetManagerEditor/Binaries/Win64/UE4Editor-AssetManagerEditor.dll (API version 3709383).
LogModuleManager: Display: Found up-to-date module file ../../../Engine/Plugins/Editor/AudioCapture/Binaries/Win64/UE4Editor-AudioCapture.dll (API version 3709383).
LogModuleManager: Display: Found up-to-date module file ../../../Engine/Plugins/Editor/FacialAnimation/Binaries/Win64/UE4Editor-FacialAnimation.dll (API version 3709383).
LogModuleManager: Display: Found up-to-date module file ../../../Engine/Plugins/Editor/FacialAnimation/Binaries/Win64/UE4Editor-FacialAnimationEditor.dll (API version 3709383).
LogModuleManager: Display: Found up-to-date module file ../../../Engine/Plugins/Editor/GameplayTagsEditor/Binaries/Win64/UE4Editor-GameplayTagsEditor.dll (API version 3709383).
LogModuleManager: Display: Found up-to-date module file ../../../Engine/Plugins/Editor/MobileLauncherProfileWizard/Binaries/Win64/UE4Editor-MobileLauncherProfileWizard.dll (API version 3709383).
LogModuleManager: Display: Found up-to-date module file ../../../Engine/Plugins/Editor/PluginBrowser/Binaries/Win64/UE4Editor-PluginBrowser.dll (API version 3709383).
LogModuleManager: Display: Found up-to-date module file ../../../Engine/Plugins/Editor/SpeedTreeImporter/Binaries/Win64/UE4Editor-SpeedTreeImporter.dll (API version 3709383).
LogModuleManager: Display: Found up-to-date module file ../../../Engine/Plugins/Experimental/AlembicImporter/Binaries/Win64/UE4Editor-AlembicImporter.dll (API version 3709383).
LogModuleManager: Display: Found up-to-date module file ../../../Engine/Plugins/Experimental/AlembicImporter/Binaries/Win64/UE4Editor-AlembicLibrary.dll (API version 3709383).
LogModuleManager: Display: Found up-to-date module file ../../../Engine/Plugins/Experimental/CharacterAI/Binaries/Win64/UE4Editor-CharacterAI.dll (API version 3709383).
LogModuleManager: Display: Found up-to-date module file ../../../Engine/Plugins/Experimental/HTML5Networking/Binaries/Win64/UE4Editor-HTML5Networking.dll (API version 3709383).
LogModuleManager: Display: Found up-to-date module file ../../../Engine/Plugins/Media/AndroidMedia/Binaries/Win64/UE4Editor-AndroidMediaEditor.dll (API version 3709383).
LogModuleManager: Display: Found up-to-date module file ../../../Engine/Plugins/Media/AndroidMedia/Binaries/Win64/UE4Editor-AndroidMediaFactory.dll (API version 3709383).
LogModuleManager: Display: Found up-to-date module file ../../../Engine/Plugins/Media/AvfMedia/Binaries/Win64/UE4Editor-AvfMediaEditor.dll (API version 3709383).
LogModuleManager: Display: Found up-to-date module file ../../../Engine/Plugins/Media/AvfMedia/Binaries/Win64/UE4Editor-AvfMediaFactory.dll (API version 3709383).
LogModuleManager: Display: Found up-to-date module file ../../../Engine/Plugins/Media/AvfMedia/Binaries/Win64/UE4Editor-AvfMediaFactory.dll (API version 3709383).
LogModuleManager: Display: Found up-to-date module file ../../../Engine/Plugins/Media/ImgMedia/Binaries/Win64/UE4Editor-ImgMedia.dll (API version 3709383).
LogModuleManager: Display: Found up-to-date module file ../../../Engine/Plugins/Media/ImgMedia/Binaries/Win64/UE4Editor-ImgMediaEditor.dll (API version 3709383).
LogModuleManager: Display: Found up-to-date module file ../../../Engine/Plugins/Media/ImgMedia/Binaries/Win64/UE4Editor-ImgMediaFactory.dll (API version 3709383).
LogModuleManager: Display: Found up-to-date module file ../../../Engine/Plugins/Media/ImgMedia/Binaries/Win64/UE4Editor-ImgMediaFactory.dll (API version 3709383).
LogModuleManager: Display: Found up-to-date module file ../../../Engine/Plugins/Media/ImgMedia/Binaries/Win64/UE4Editor-OpenExrWrapper.dll (API version 3709383).
LogModuleManager: Display: Found up-to-date module file ../../../Engine/Plugins/Media/MediaCompositing/Binaries/Win64/UE4Editor-MediaCompositing.dll (API version 3709383).
LogModuleManager: Display: Found up-to-date module file ../../../Engine/Plugins/Media/MediaCompositing/Binaries/Win64/UE4Editor-MediaCompositingEditor.dll (API version 3709383).
LogModuleManager: Display: Found up-to-date module file ../../../Engine/Plugins/Media/MediaPlayerEditor/Binaries/Win64/UE4Editor-MediaPlayerEditor.dll (API version 3709383).
LogModuleManager: Display: Found up-to-date module file ../../../Engine/Plugins/Media/WmfMedia/Binaries/Win64/UE4Editor-WmfMedia.dll (API version 3709383).
LogModuleManager: Display: Found up-to-date module file ../../../Engine/Plugins/Media/WmfMedia/Binaries/Win64/UE4Editor-WmfMediaEditor.dll (API version 3709383).
LogModuleManager: Display: Found up-to-date module file ../../../Engine/Plugins/Media/WmfMedia/Binaries/Win64/UE4Editor-WmfMediaFactory.dll (API version 3709383).
LogModuleManager: Display: Found up-to-date module file ../../../Engine/Plugins/Media/WmfMedia/Binaries/Win64/UE4Editor-WmfMediaFactory.dll (API version 3709383).
LogModuleManager: Display: Found up-to-date module file ../../../Engine/Plugins/Messaging/TcpMessaging/Binaries/Win64/UE4Editor-TcpMessaging.dll (API version 3709383).
LogModuleManager: Display: Found up-to-date module file ../../../Engine/Plugins/Messaging/UdpMessaging/Binaries/Win64/UE4Editor-UdpMessaging.dll (API version 3709383).
LogModuleManager: Display: Found up-to-date module file ../../../Engine/Plugins/MovieScene/ActorSequence/Binaries/Win64/UE4Editor-ActorSequence.dll (API version 3709383).
LogModuleManager: Display: Found up-to-date module file ../../../Engine/Plugins/MovieScene/LevelSequenceEditor/Binaries/Win64/UE4Editor-LevelSequenceEditor.dll (API version 3709383).
LogModuleManager: Display: Found up-to-date module file ../../../Engine/Plugins/MovieScene/MatineeToLevelSequence/Binaries/Win64/UE4Editor-MatineeToLevelSequence.dll (API version 3709383).
LogModuleManager: Display: Found up-to-date module file ../../../Engine/Plugins/Online/OnlineSubsystem/Binaries/Win64/UE4Editor-OnlineSubsystem.dll (API version 3709383).
LogModuleManager: Display: Found up-to-date module file ../../../Engine/Plugins/Runtime/AndroidPermission/Binaries/Win64/UE4Editor-AndroidPermission.dll (API version 3709383).
LogModuleManager: Display: Found up-to-date module file ../../../Engine/Plugins/Online/OnlineSubsystemNull/Binaries/Win64/UE4Editor-OnlineSubsystemNull.dll (API version 3709383).
LogModuleManager: Display: Found up-to-date module file ../../../Engine/Plugins/Online/OnlineSubsystemUtils/Binaries/Win64/UE4Editor-OnlineSubsystemUtils.dll (API version 3709383).
LogModuleManager: Display: Found up-to-date module file ../../../Engine/Plugins/Online/OnlineSubsystemUtils/Binaries/Win64/UE4Editor-OnlineBlueprintSupport.dll (API version 3709383).
LogModuleManager: Display: Found up-to-date module file ../../../Engine/Plugins/Runtime/AndroidDeviceProfileSelector/Binaries/Win64/UE4Editor-AndroidDeviceProfileSelector.dll (API version 3709383).
LogModuleManager: Display: Found up-to-date module file ../../../Engine/Plugins/Runtime/AppleARKit/Binaries/Win64/UE4Editor-AppleARKit.dll (API version 3709383).
LogModuleManager: Display: Found up-to-date module file ../../../Engine/Plugins/Runtime/ArchVisCharacter/Binaries/Win64/UE4Editor-ArchVisCharacter.dll (API version 3709383).
LogModuleManager: Display: Found up-to-date module file ../../../Engine/Plugins/Runtime/CableComponent/Binaries/Win64/UE4Editor-CableComponent.dll (API version 3709383).
LogModuleManager: Display: Found up-to-date module file ../../../Engine/Plugins/Runtime/CustomMeshComponent/Binaries/Win64/UE4Editor-CustomMeshComponent.dll (API version 3709383).
LogModuleManager: Display: Found up-to-date module file ../../../Engine/Plugins/Runtime/ExampleDeviceProfileSelector/Binaries/Win64/UE4Editor-ExampleDeviceProfileSelector.dll (API version 3709383).
LogModuleManager: Display: Found up-to-date module file ../../../Engine/Plugins/Runtime/ImmediatePhysics/Binaries/Win64/UE4Editor-ImmediatePhysics.dll (API version 3709383).
LogModuleManager: Display: Found up-to-date module file ../../../Engine/Plugins/Runtime/ImmediatePhysics/Binaries/Win64/UE4Editor-ImmediatePhysicsEditor.dll (API version 3709383).
LogModuleManager: Display: Found up-to-date module file ../../../Engine/Plugins/Runtime/LocationServicesBPLibrary/Binaries/Win64/UE4Editor-LocationServicesBPLibrary.dll (API version 3709383).
LogModuleManager: Display: Found up-to-date module file ../../../Engine/Plugins/Runtime/MobilePatchingUtils/Binaries/Win64/UE4Editor-MobilePatchingUtils.dll (API version 3709383).
LogModuleManager: Display: Found up-to-date module file ../../../Engine/Plugins/Runtime/Oculus/OculusVR/Binaries/Win64/UE4Editor-OculusHMD.dll (API version 3709383).
LogModuleManager: Display: Found up-to-date module file ../../../Engine/Plugins/Runtime/Oculus/OculusVR/Binaries/Win64/UE4Editor-OculusInput.dll (API version 3709383).
LogModuleManager: Display: Found up-to-date module file ../../../Engine/Plugins/Runtime/Oculus/OculusVR/Binaries/Win64/UE4Editor-OculusEditor.dll (API version 3709383).
LogModuleManager: Display: Found up-to-date module file ../../../Engine/Plugins/Runtime/PhysXVehicles/Binaries/Win64/UE4Editor-PhysXVehicles.dll (API version 3709383).
LogModuleManager: Display: Found up-to-date module file ../../../Engine/Plugins/Runtime/PhysXVehicles/Binaries/Win64/UE4Editor-PhysXVehiclesEditor.dll (API version 3709383).
LogModuleManager: Display: Found up-to-date module file ../../../Engine/Plugins/Runtime/ProceduralMeshComponent/Binaries/Win64/UE4Editor-ProceduralMeshComponent.dll (API version 3709383).
LogModuleManager: Display: Found up-to-date module file ../../../Engine/Plugins/Runtime/ProceduralMeshComponent/Binaries/Win64/UE4Editor-ProceduralMeshComponentEditor.dll (API version 3709383).
LogModuleManager: Display: Found up-to-date module file ../../../Engine/Plugins/Runtime/RuntimePhysXCooking/Binaries/Win64/UE4Editor-RuntimePhysXCooking.dll (API version 3709383).
LogModuleManager: Display: Found up-to-date module file ../../../Engine/Plugins/Runtime/Steam/SteamVR/Binaries/Win64/UE4Editor-SteamVR.dll (API version 3709383).
LogModuleManager: Display: Found up-to-date module file ../../../Engine/Plugins/Runtime/Steam/SteamVR/Binaries/Win64/UE4Editor-SteamVRController.dll (API version 3709383).
LogModuleManager: Display: Found up-to-date module file ../../../Engine/Plugins/Runtime/WindowsMoviePlayer/Binaries/Win64/UE4Editor-WindowsMoviePlayer.dll (API version 3709383).
LogPluginManager: Mounting plugin Paper2D
LogPluginManager: Mounting plugin LightPropagationVolume
LogPluginManager: Mounting plugin CodeLiteSourceCodeAccess
LogPluginManager: Mounting plugin GitSourceControl
LogPluginManager: Mounting plugin KDevelopSourceCodeAccess
LogPluginManager: Mounting plugin NullSourceCodeAccess
LogPluginManager: Mounting plugin PerforceSourceControl
LogPluginManager: Mounting plugin SubversionSourceControl
LogPluginManager: Mounting plugin UObjectPlugin
LogPluginManager: Mounting plugin VisualStudioCodeSourceCodeAccess
LogPluginManager: Mounting plugin VisualStudioSourceCodeAccess
LogPluginManager: Mounting plugin XCodeSourceCodeAccess
LogPluginManager: Mounting plugin AssetManagerEditor
LogPluginManager: Mounting plugin AudioCapture
LogPluginManager: Mounting plugin FacialAnimation
LogPluginManager: Mounting plugin GameplayTagsEditor
LogPluginManager: Mounting plugin MobileLauncherProfileWizard
LogPluginManager: Mounting plugin PluginBrowser
LogPluginManager: Mounting plugin SpeedTreeImporter
LogPluginManager: Mounting plugin AlembicImporter
LogPluginManager: Mounting plugin CharacterAI
LogPluginManager: Mounting plugin HTML5Networking
LogPluginManager: Mounting plugin AndroidMedia
LogPluginManager: Mounting plugin AvfMedia
LogPluginManager: Mounting plugin ImgMedia
LogPluginManager: Mounting plugin MediaCompositing
LogPluginManager: Mounting plugin MediaPlayerEditor
LogPluginManager: Mounting plugin WmfMedia
LogPluginManager: Mounting plugin TcpMessaging
LogPluginManager: Mounting plugin UdpMessaging
LogPluginManager: Mounting plugin ActorSequence
LogPluginManager: Mounting plugin LevelSequenceEditor
LogPluginManager: Mounting plugin MatineeToLevelSequence
LogPluginManager: Mounting plugin OnlineSubsystemGooglePlay
LogPluginManager: Mounting plugin OnlineSubsystemIOS
LogPluginManager: Mounting plugin OnlineSubsystem
LogPluginManager: Mounting plugin OnlineSubsystemNull
LogPluginManager: Mounting plugin OnlineSubsystemUtils
LogPluginManager: Mounting plugin AndroidDeviceProfileSelector
LogPluginManager: Mounting plugin AndroidMoviePlayer
LogPluginManager: Mounting plugin AndroidPermission
LogPluginManager: Mounting plugin AppleARKit
LogPluginManager: Mounting plugin AppleMoviePlayer
LogPluginManager: Mounting plugin ArchVisCharacter
LogPluginManager: Mounting plugin CableComponent
LogPluginManager: Mounting plugin CustomMeshComponent
LogPluginManager: Mounting plugin ExampleDeviceProfileSelector
LogPluginManager: Mounting plugin GoogleCloudMessaging
LogPluginManager: Mounting plugin ImmediatePhysics
LogPluginManager: Mounting plugin IOSDeviceProfileSelector
LogPluginManager: Mounting plugin LinuxDeviceProfileSelector
LogPluginManager: Mounting plugin LocationServicesBPLibrary
LogPluginManager: Mounting plugin MobilePatchingUtils
LogPluginManager: Mounting plugin OculusVR
LogPluginManager: Plugin shader directory ../../../Engine/Plugins/Runtime/Oculus/OculusVR/Shaders found
LogPluginManager: Mapping shader source directory ../../../Engine/Plugins/Runtime/Oculus/OculusVR/Shaders to virtual directory /Plugin/OculusVR
LogPluginManager: Mounting plugin PhysXVehicles
LogPluginManager: Mounting plugin ProceduralMeshComponent
LogPluginManager: Mounting plugin RuntimePhysXCooking
LogPluginManager: Mounting plugin SteamVR
LogPluginManager: Mounting plugin WindowsMoviePlayer
LogInit: Using libcurl 7.47.1
LogInit:  - built for x86_64-pc-win32
LogInit:  - supports SSL with OpenSSL/1.0.2g
LogInit:  - supports HTTP deflate (compression) using libz 1.2.8
LogInit:  - other features:
LogInit:      CURL_VERSION_SSL
LogInit:      CURL_VERSION_LIBZ
LogInit:      CURL_VERSION_IPV6
LogInit:      CURL_VERSION_ASYNCHDNS
LogInit:      CURL_VERSION_LARGEFILE
LogInit:      CURL_VERSION_IDN
LogInit:  CurlRequestOptions (configurable via config and command line):
LogInit:  - bVerifyPeer = false  - Libcurl will NOT verify peer certificate
LogInit:  - bUseHttpProxy = false  - Libcurl will NOT use HTTP proxy
LogInit:  - bDontReuseConnections = false  - Libcurl will reuse connections
LogInit:  - CertBundlePath = nullptr  - Libcurl will use whatever was configured at build time.
LogInit: Build: ++UE4+Release-4.18-CL-3794801
LogInit: Engine Version: 4.18.2-3794801+++UE4+Release-4.18
LogInit: Compatible Engine Version: 4.18.0-3709383+++UE4+Release-4.18
LogInit: Net CL: 3709383
LogDevObjectVersion: Number of dev versions registered: 16
LogDevObjectVersion:   Dev-Blueprints (B0D832E4-1F89-4F0D-ACCF-7EB736FD4AA2): 10
LogDevObjectVersion:   Dev-Build (E1C64328-A22C-4D53-A36C-8E866417BD8C): 0
LogDevObjectVersion:   Dev-Core (375EC13C-06E4-48FB-B500-84F0262A717E): 2
LogDevObjectVersion:   Dev-Editor (E4B068ED-F494-42E9-A231-DA0B2E46BB41): 20
LogDevObjectVersion:   Dev-Framework (CFFC743F-43B0-4480-9391-14DF171D2073): 30
LogDevObjectVersion:   Dev-Mobile (B02B49B5-BB20-44E9-A304-32B752E40360): 0
LogDevObjectVersion:   Dev-Networking (A4E4105C-59A1-49B5-A7C5-40C4547EDFEE): 0
LogDevObjectVersion:   Dev-Online (39C831C9-5AE6-47DC-9A44-9C173E1C8E7C): 0
LogDevObjectVersion:   Dev-Physics (78F01B33-EBEA-4F98-B9B4-84EACCB95AA2): 0
LogDevObjectVersion:   Dev-Platform (6631380F-2D4D-43E0-8009-CF276956A95A): 0
LogDevObjectVersion:   Dev-Rendering (12F88B9F-8875-4AFC-A67C-D90C383ABD29): 20
LogDevObjectVersion:   Dev-Sequencer (7B5AE74C-D270-4C10-A958-57980B212A5A): 4
LogDevObjectVersion:   Dev-VR (D7296918-1DD6-4BDD-9DE2-64A83CC13884): 0
LogDevObjectVersion:   Dev-LoadTimes (C2A15278-BFE7-4AFE-6C17-90FF531DF755): 1
LogDevObjectVersion:   Private-Geometry (6EACA3D4-40EC-4CC1-B786-8BED09428FC5): 1
LogDevObjectVersion:   Dev-AnimPhys (29E575DD-E0A3-4627-9D10-D276232CDCEA): 12
LogInit: Compiled (64-bit): Dec  8 2017 02:04:53
LogInit: Compiled with Visual C++: 19.00.24215.01
LogInit: Build Configuration: Development
LogInit: Branch Name: ++UE4+Release-4.18
LogInit: Command line: -EpicPortal 
LogInit: Base directory: C:/Program Files/Epic Games/UE_4.18/Engine/Binaries/Win64/
LogInit: Installed Engine Build: 1
LogInit: Presizing for max 8388607 objects, including 0 objects not considered by GC, pre-allocating 0 bytes for permanent pool.
LogInit: Object subsystem initialized
[2018.01.13-22.35.08:159][  0]LogInit: Selected Device Profile: [Windows]
[2018.01.13-22.35.08:159][  0]LogInit: Applying CVar settings loaded from the selected device profile: [Windows]
[2018.01.13-22.35.08:166][  0]LogInit: Computer: VTMNKLL
[2018.01.13-22.35.08:166][  0]LogInit: User: Zach
[2018.01.13-22.35.08:166][  0]LogInit: CPU Page size=4096, Cores=4
[2018.01.13-22.35.08:166][  0]LogInit: High frequency timer resolution =3.914306 MHz
[2018.01.13-22.35.08:166][  0]LogMemory: Memory total: Physical=15.9GB (16GB approx)
[2018.01.13-22.35.08:166][  0]LogMemory: Platform Memory Stats for Windows
[2018.01.13-22.35.08:166][  0]LogMemory: Process Physical Memory: 276.07 MB used, 276.07 MB peak
[2018.01.13-22.35.08:166][  0]LogMemory: Process Virtual Memory: 276.71 MB used, 276.71 MB peak
[2018.01.13-22.35.08:166][  0]LogMemory: Physical Memory: 8996.85 MB used,  7302.18 MB free, 16299.03 MB total
[2018.01.13-22.35.08:166][  0]LogMemory: Virtual Memory: 635.43 MB used,  7302.18 MB free, 8388608.00 MB total
[2018.01.13-22.35.08:303][  0]LogInit: Using OS detected language (en-US).
[2018.01.13-22.35.08:303][  0]LogInit: Using OS detected locale (en-US).
[2018.01.13-22.35.08:306][  0]LogTextLocalizationManager: No specific localization for 'en-US' exists, so the 'en' localization will be used.
[2018.01.13-22.35.08:606][  0]LogWindows: Failed to load 'shcore.dll' (GetLastError=126)
[2018.01.13-22.35.08:606][  0]LogWindows: File 'shcore.dll' does not exist
[2018.01.13-22.35.08:606][  0]LogInit: Setting process to DPI aware
[2018.01.13-22.35.08:609][  0]LogWindows: Failed to load 'shcore.dll' (GetLastError=126)
[2018.01.13-22.35.08:609][  0]LogWindows: File 'shcore.dll' does not exist
[2018.01.13-22.35.08:609][  0]LogInit: Setting process to DPI aware
[2018.01.13-22.35.08:825][  0]LogD3D11RHI: D3D11 adapters:
[2018.01.13-22.35.08:851][  0]LogD3D11RHI:    0. 'NVIDIA GeForce GTX 1080' (Feature Level 11_0)
[2018.01.13-22.35.08:851][  0]LogD3D11RHI:       8077/0/7893 MB DedicatedVideo/DedicatedSystem/SharedSystem, Outputs:2, VendorId:0x10de
[2018.01.13-22.35.08:851][  0]LogD3D11RHI: Chosen D3D11 Adapter: 0
[2018.01.13-22.35.08:855][  0]LogD3D11RHI: Creating new Direct3DDevice
[2018.01.13-22.35.08:855][  0]LogD3D11RHI:     GPU DeviceId: 0x1b80 (for the marketing name, search the web for "GPU Device Id")
[2018.01.13-22.35.08:855][  0]LogWindows: EnumDisplayDevices:
[2018.01.13-22.35.08:856][  0]LogWindows:    0. 'NVIDIA GeForce GTX 1080' (P:0 D:1)
[2018.01.13-22.35.08:856][  0]LogWindows:    1. 'NVIDIA GeForce GTX 1080' (P:1 D:1)
[2018.01.13-22.35.08:856][  0]LogWindows:    2. 'NVIDIA GeForce GTX 1080' (P:0 D:0)
[2018.01.13-22.35.08:856][  0]LogWindows:    3. 'NVIDIA GeForce GTX 1080' (P:0 D:0)
[2018.01.13-22.35.08:856][  0]LogWindows:    4. 'RDPDD Chained DD' (P:0 D:0)
[2018.01.13-22.35.08:856][  0]LogWindows:    5. 'RDP Encoder Mirror Driver' (P:0 D:0)
[2018.01.13-22.35.08:856][  0]LogWindows:    6. 'RDP Reflector Display Driver' (P:0 D:0)
[2018.01.13-22.35.08:856][  0]LogWindows: DebugString: GetVideoDriverDetailsInvalid PrimaryIsNotTheChoosenAdapter GetVideoDriverDetailsInvalid PrimaryIsNotTheChoosenAdapter GetVideoDriverDetailsInvalid PrimaryIsNotTheChoosenAdapter FoundDriverCount:4 
[2018.01.13-22.35.08:856][  0]LogD3D11RHI:     Adapter Name: NVIDIA GeForce GTX 1080
[2018.01.13-22.35.08:856][  0]LogD3D11RHI:   Driver Version: 390.65 (internal:23.21.13.9065, unified:390.65)
[2018.01.13-22.35.08:856][  0]LogD3D11RHI:      Driver Date: 1-3-2018
[2018.01.13-22.35.08:857][  0]LogRHI: Texture pool is 5654 MB (70% of 8077 MB)
[2018.01.13-22.35.08:869][  0]LogD3D11RHI: Async texture creation enabled
[2018.01.13-22.35.08:893][  0]LogD3D11RHI: GPU Timing Frequency: 1000.000000 (Debug: 2 2)
[2018.01.13-22.35.08:990][  0]LogShaderCompilers: Guid format shader working directory is 17 characters bigger than the processId version (E:/UnrealProjects/GachaGame/Intermediate/Shaders/WorkingDirectory/12480/).
[2018.01.13-22.35.08:990][  0]LogShaderCompilers: Cleaned the shader compiler working directory 'C:/Users/Zach/AppData/Local/Temp/UnrealShaderWorkingDir/89CF67B74E8E082CB1E3139B0051FD4E/'.
[2018.01.13-22.35.08:990][  0]LogShaderCompilers: Display: Using Local Shader Compiler.
[2018.01.13-22.35.09:740][  0]LogTemp: Display: Loaded TP AllDesktopTargetPlatform
[2018.01.13-22.35.09:787][  0]LogTemp: Display: Loaded TP MacClientTargetPlatform
[2018.01.13-22.35.09:834][  0]LogTemp: Display: Loaded TP MacNoEditorTargetPlatform
[2018.01.13-22.35.09:881][  0]LogTemp: Display: Loaded TP MacServerTargetPlatform
[2018.01.13-22.35.09:928][  0]LogTemp: Display: Loaded TP MacTargetPlatform
[2018.01.13-22.35.09:976][  0]LogTemp: Display: Loaded TP WindowsClientTargetPlatform
[2018.01.13-22.35.10:022][  0]LogTemp: Display: Loaded TP WindowsNoEditorTargetPlatform
[2018.01.13-22.35.10:070][  0]LogTemp: Display: Loaded TP WindowsServerTargetPlatform
[2018.01.13-22.35.10:113][  0]LogTemp: Display: Loaded TP WindowsTargetPlatform
[2018.01.13-22.35.10:160][  0]LogTemp: Display: Loaded TP Android_ASTCTargetPlatform
[2018.01.13-22.35.10:206][  0]LogTemp: Display: Loaded TP Android_ATCTargetPlatform
[2018.01.13-22.35.10:252][  0]LogTemp: Display: Loaded TP Android_DXTTargetPlatform
[2018.01.13-22.35.10:298][  0]LogTemp: Display: Loaded TP Android_ETC1TargetPlatform
[2018.01.13-22.35.10:344][  0]LogTemp: Display: Loaded TP Android_ETC2TargetPlatform
[2018.01.13-22.35.10:436][  0]LogTemp: Display: Loaded TP Android_MultiTargetPlatform
[2018.01.13-22.35.10:436][  0]LogTemp: Display: Loaded TP Android_PVRTCTargetPlatform
[2018.01.13-22.35.10:482][  0]LogTemp: Display: Loaded TP AndroidTargetPlatform
[2018.01.13-22.35.10:520][  0]LogTemp: Display: Loaded TP HTML5TargetPlatform
[2018.01.13-22.35.10:603][  0]LogTemp: Display: Loaded TP IOSTargetPlatform
[2018.01.13-22.35.10:625][  0]LogTemp: Display: Loaded TP TVOSTargetPlatform
[2018.01.13-22.35.10:671][  0]LogTemp: Display: Loaded TP LinuxClientTargetPlatform
[2018.01.13-22.35.10:717][  0]LogTemp: Display: Loaded TP LinuxNoEditorTargetPlatform
[2018.01.13-22.35.10:763][  0]LogTemp: Display: Loaded TP LinuxServerTargetPlatform
[2018.01.13-22.35.10:809][  0]LogTemp: Display: Loaded TP LinuxTargetPlatform
[2018.01.13-22.35.10:809][  0]LogTargetPlatformManager: Display: Building Assets For Windows
[2018.01.13-22.35.11:211][  0]LogDerivedDataCache: Display: Max Cache Size: 512 MB
[2018.01.13-22.35.11:285][  0]LogDerivedDataCache: Loaded boot cache 0.07s 79MB C:/Users/Zach/AppData/Local/UnrealEngine/4.18/DerivedDataCache/Boot.ddc.
[2018.01.13-22.35.11:285][  0]LogDerivedDataCache: Display: Loaded Boot cache: C:/Users/Zach/AppData/Local/UnrealEngine/4.18/DerivedDataCache/Boot.ddc
[2018.01.13-22.35.11:285][  0]LogDerivedDataCache: FDerivedDataBackendGraph:  Pak pak cache file E:/UnrealProjects/GachaGame/DerivedDataCache/DDC.ddp not found, will not use a pak cache.
[2018.01.13-22.35.11:285][  0]LogDerivedDataCache: Unable to find inner node Pak for hierarchical cache Hierarchy.
[2018.01.13-22.35.11:285][  0]LogDerivedDataCache: FDerivedDataBackendGraph:  CompressedPak pak cache file E:/UnrealProjects/GachaGame/DerivedDataCache/Compressed.ddp not found, will not use a pak cache.
[2018.01.13-22.35.11:285][  0]LogDerivedDataCache: Unable to find inner node CompressedPak for hierarchical cache Hierarchy.
[2018.01.13-22.35.11:299][  0]LogDerivedDataCache: Display: Pak cache opened for reading ../../../Engine/DerivedDataCache/Compressed.ddp.
[2018.01.13-22.35.11:310][  0]LogDerivedDataCache: Using Local data cache path C:/Users/Zach/AppData/Local/UnrealEngine/Common/DerivedDataCache: Writable
[2018.01.13-22.35.11:317][  0]LogMaterial: Verifying Global Shaders for PCD3D_SM5
[2018.01.13-22.35.11:317][  0]LogSlate: Using Freetype 2.6.0
[2018.01.13-22.35.11:318][  0]LogSlate: SlateFontCache - WITH_FREETYPE: 1, WITH_HARFBUZZ: 1
[2018.01.13-22.35.11:318][  0]LogSlate: SlateFontCache - WITH_FREETYPE: 1, WITH_HARFBUZZ: 1
[2018.01.13-22.35.11:585][  0]LogInit: Selected Device Profile: [Windows]
[2018.01.13-22.35.11:868][  0]LogSimplygon: Simplygon DLL not present - disabling.
[2018.01.13-22.35.11:908][  0]LogMeshReduction: Using SimplygonSwarm for distributed automatic mesh merging
[2018.01.13-22.35.11:908][  0]LogMeshReduction: Using QuadricMeshReduction for automatic static mesh reduction
[2018.01.13-22.35.11:908][  0]LogMeshReduction: No automatic skeletal mesh reduction module available
[2018.01.13-22.35.11:908][  0]LogMeshReduction: No automatic mesh merging module available
[2018.01.13-22.35.11:908][  0]LogMeshMerging: No automatic mesh merging module available
[2018.01.13-22.35.11:937][  0]LogNetVersion: GachaGame , NetCL: 3709383, EngineNetVer: 2, GameNetVer: 0 (Checksum: 958397508)
[2018.01.13-22.35.12:067][  0]LogAssetRegistry: FAssetRegistry took 0.0235 seconds to start up
[2018.01.13-22.35.12:439][  0]LogPackageLocalizationCache: Processed 7 localized package path(s) for 2 prioritized culture(s) in 0.033715 seconds
[2018.01.13-22.35.12:443][  0]LogUObjectArray: 35900 objects as part of root set at end of initial load.
[2018.01.13-22.35.12:443][  0]LogUObjectAllocator: 7372016 out of 0 bytes used by permanent object pool.
[2018.01.13-22.35.12:443][  0]LogUObjectArray: CloseDisregardForGC: 0/0 objects in disregard for GC pool
[2018.01.13-22.35.12:487][  0]LogInit: WinSock: version 1.1 (2.2), MaxSocks=32767, MaxUdp=65467
[2018.01.13-22.35.14:821][  0]LogTcpMessaging: Initializing TcpMessaging bridge
[2018.01.13-22.35.14:856][  0]LogUdpMessaging: Initializing bridge on interface 0.0.0.0:0 to multicast group 230.0.0.1:6666.
[2018.01.13-22.35.15:536][  0]LogMaterial: Uniform references updated for custom material expression Custom.
[2018.01.13-22.35.15:915][  0]SourceControl: Source control is disabled
[2018.01.13-22.35.16:894][  0]LogAndroidPermission: UAndroidPermissionCallbackProxy::GetInstance
[2018.01.13-22.35.17:135][  0]LogOcInput: OculusInput pre-init called
[2018.01.13-22.35.17:390][  0]LogEngine: Initializing Engine...
[2018.01.13-22.35.17:391][  0]LogHMD: Failed to initialize OpenVR with code 110
[2018.01.13-22.35.17:563][  0]LogStats: UGameplayTagsManager::ConstructGameplayTagTree: Construct from data asset -  0.000 s
[2018.01.13-22.35.17:563][  0]LogStats: UGameplayTagsManager::ConstructGameplayTagTree: GameplayTagTreeChangedEvent.Broadcast -  0.000 s
[2018.01.13-22.35.17:687][  0]LogAIModule: Creating AISystem for world Untitled
[2018.01.13-22.35.17:713][  0]LogInit: XAudio2 using 'Speakers (Realtek High Definition Audio)' : 2 channels at 48 kHz using 32 bits per sample (channel mask 0x3)
[2018.01.13-22.35.17:721][  0]LogInit: FAudioDevice initialized.
[2018.01.13-22.35.17:796][  0]LogDerivedDataCache: Saved boot cache 0.07s 79MB C:/Users/Zach/AppData/Local/UnrealEngine/4.18/DerivedDataCache/Boot.ddc.
[2018.01.13-22.35.17:807][  0]LogInit: Texture streaming: Enabled
[2018.01.13-22.35.17:893][  0]LogEngineSessionManager: EngineSessionManager initialized
[2018.01.13-22.35.18:012][  0]LogInit: Transaction tracking system initialized
[2018.01.13-22.35.18:305][  0]BlueprintLog: New page: Editor Load
[2018.01.13-22.35.19:125][  0]LocalizationService: Localization service is disabled
[2018.01.13-22.35.19:802][  0]LogConsoleResponse: Display: 
[2018.01.13-22.35.19:939][  0]LogCook: Display: Max memory allowance for cook 16384mb min free memory 0mb
[2018.01.13-22.35.19:939][  0]LogCook: Display: Mobile HDR setting 1
[2018.01.13-22.35.19:939][  0]LogGameplayTags: Display: UGameplayTagsManager::DoneAddingNativeTags. DelegateIsBound: 0
[2018.01.13-22.35.20:080][  0]LogFileCache: Scanning file cache for directory 'E:/UnrealProjects/GachaGame/Content/' took 0.01s
[2018.01.13-22.35.21:003][  0]Cmd: MAP LOAD FILE="../../../Engine/Content/Maps/Templates/Template_Default.umap" TEMPLATE=1 SHOWPROGRESS=1 FEATURELEVEL=3
[2018.01.13-22.35.21:003][  0]LightingResults: New page: Lighting Build
[2018.01.13-22.35.21:042][  0]MapCheck: New page: Map Check
[2018.01.13-22.35.21:042][  0]LightingResults: New page: Lighting Build
[2018.01.13-22.35.21:213][  0]LogAIModule: Creating AISystem for world Untitled_1
[2018.01.13-22.35.21:216][  0]LogEditorServer: Finished looking for orphan Actors (0.000 secs)
[2018.01.13-22.35.21:224][  0]Cmd: MAP CHECKDEP NOCLEARLOG
[2018.01.13-22.35.21:265][  0]MapCheck: Map check complete: 0 Error(s), 0 Warning(s), took 40.716ms to complete.
[2018.01.13-22.35.21:265][  0]LogFileHelpers: Loading map 'Template_Default' took 0.262
[2018.01.13-22.35.21:447][  0]LogCollectionManager: Loaded 0 collections in 0.001070 seconds
[2018.01.13-22.35.21:531][  0]LogFileCache: Scanning file cache for directory 'E:/UnrealProjects/GachaGame/Saved/Collections/' took 0.01s
[2018.01.13-22.35.21:531][  0]LogFileCache: Scanning file cache for directory 'E:/UnrealProjects/GachaGame/Content/Developers/Zach/Collections/' took 0.01s
[2018.01.13-22.35.21:531][  0]LogFileCache: Scanning file cache for directory 'E:/UnrealProjects/GachaGame/Content/Collections/' took 0.01s
[2018.01.13-22.35.21:531][  0]LogCollectionManager: Rebuilt the GUID cache for 0 collections in 0.000001 seconds
[2018.01.13-22.35.21:537][  0]LogContentBrowser: Native class hierarchy populated in 0.0059 seconds. Added 2363 classes and 519 folders.
[2018.01.13-22.35.21:596][  0]LogContentBrowser: Native class hierarchy updated for 'WidgetCarousel' in 0.0002 seconds. Added 0 classes and 0 folders.
[2018.01.13-22.35.21:636][  0]LogContentBrowser: Native class hierarchy updated for 'AddContentDialog' in 0.0002 seconds. Added 0 classes and 0 folders.
[2018.01.13-22.35.21:676][  0]LogContentBrowser: Native class hierarchy updated for 'SceneOutliner' in 0.0002 seconds. Added 1 classes and 2 folders.
[2018.01.13-22.35.21:720][  0]LogSlate: Took 0.000158 seconds to synchronously load lazily loaded font '../../../Engine/Content/Slate/Fonts/Roboto-Regular.ttf' (155K)
[2018.01.13-22.35.21:721][  0]LogSlate: Took 0.000155 seconds to synchronously load lazily loaded font '../../../Engine/Content/Slate/Fonts/Roboto-Bold.ttf' (160K)
[2018.01.13-22.35.21:725][  0]LogSlate: Took 0.000165 seconds to synchronously load lazily loaded font '../../../Engine/Content/Editor/Slate/Fonts/FontAwesome.ttf' (139K)
[2018.01.13-22.35.21:798][  0]LogRenderer: Reallocating scene render targets to support 1548x636 Format 10 NumSamples 1 (Frame:1).
[2018.01.13-22.35.21:984][  0]LogContentBrowser: Native class hierarchy updated for 'HierarchicalLODOutliner' in 0.0002 seconds. Added 1 classes and 2 folders.
[2018.01.13-22.35.21:984][  0]LogLoad: (Engine Initialization) Total time: 15.82 seconds
[2018.01.13-22.35.21:984][  0]LogLoad: (Engine Initialization) Total Blueprint compile time: 0.00 seconds
[2018.01.13-22.35.21:984][  0]LogExternalProfiler: Found external profiler: VSPerf
[2018.01.13-22.35.21:984][  0]LogExternalProfiler: Using external profiler: VSPerf
[2018.01.13-22.35.22:005][  0]LogAssetRegistry: Asset discovery search completed in 9.9577 seconds
[2018.01.13-22.35.22:006][  0]LogCollectionManager: Rebuilt the object cache for 0 collections in 0.000000 seconds (found 0 objects)
[2018.01.13-22.35.22:006][  0]LogCollectionManager: Fixed up redirectors for 0 collections in 0.000032 seconds (updated 0 objects)
[2018.01.13-22.35.22:008][  0]SourceControl: On branch master
[2018.01.13-22.35.22:008][  0]SourceControl: Your branch is up to date with 'origin/master'.
[2018.01.13-22.35.22:008][  0]SourceControl: Changes not staged for commit:
[2018.01.13-22.35.22:008][  0]SourceControl:   (use "git add <file>..." to update what will be committed)
[2018.01.13-22.35.22:008][  0]SourceControl:   (use "git checkout -- <file>..." to discard changes in working directory)
[2018.01.13-22.35.22:008][  0]SourceControl: 	modified:   Saved/AutoScreenshot.png
[2018.01.13-22.35.22:008][  0]SourceControl: 	modified:   Saved/Config/Windows/EditorPerProjectUserSettings.ini
[2018.01.13-22.35.22:008][  0]SourceControl: 	modified:   Saved/Config/Windows/SourceControlSettings.ini
[2018.01.13-22.35.22:008][  0]SourceControl: 	modified:   Saved/Logs/GachaGame.log
[2018.01.13-22.35.22:008][  0]SourceControl: Untracked files:
[2018.01.13-22.35.22:008][  0]SourceControl:   (use "git add <file>..." to include in what will be committed)
[2018.01.13-22.35.22:008][  0]SourceControl: 	Saved/Config/CrashReportClient/UE4CC-Windows-DEB4874747276BD772E785A8EC992A48/
[2018.01.13-22.35.22:008][  0]SourceControl: 	Saved/Logs/GachaGame-backup-2018.01.13-16.35.06.log
[2018.01.13-22.35.22:008][  0]SourceControl: no changes added to commit (use "git add" and/or "git commit -a")
[2018.01.13-22.35.22:008][  0]LogContentStreaming: Texture pool size now 1000 MB
[2018.01.13-23.03.31:636][940]LogSlate: Took 0.000124 seconds to synchronously load lazily loaded font '../../../Engine/Content/Slate/Fonts/Roboto-Light.ttf' (159K)
[2018.01.13-23.05.12:291][761]LogContentBrowser: Native class hierarchy updated for 'BlueprintGraph' in 0.0004 seconds. Added 116 classes and 0 folders.
[2018.01.13-23.05.12:755][761]LogSlate: Took 0.000105 seconds to synchronously load lazily loaded font '../../../Engine/Content/Slate/Fonts/Roboto-Regular.ttf' (155K)
[2018.01.13-23.05.12:863][762]LogRenderer: Reallocating scene render targets to support 1548x652 Format 10 NumSamples 1 (Frame:1).
[2018.01.13-23.05.17:062][255]LogSlate: Took 0.000141 seconds to synchronously load lazily loaded font '../../../Engine/Content/Editor/Slate/Fonts/Roboto-Italic.ttf' (157K)
[2018.01.13-23.07.09:500][768]LogEditorTransaction: Undo Modify Component(s)
[2018.01.13-23.07.09:532][768]LogSlate: Took 0.000182 seconds to synchronously load lazily loaded font '../../../Engine/Content/Slate/Fonts/Roboto-Light.ttf' (159K)
[2018.01.13-23.07.10:073][800]LogEditorTransaction: Undo Modify Component(s)
[2018.01.13-23.08.31:385][250]LogEditorTransaction: Undo Modify Component(s)
[2018.01.13-23.08.31:798][275]LogEditorTransaction: Undo Modify Component(s)
[2018.01.13-23.08.32:124][296]LogEditorTransaction: Undo Modify Component(s)
[2018.01.13-23.08.32:457][332]LogEditorTransaction: Undo Modify Component(s)
[2018.01.13-23.08.32:823][373]LogEditorTransaction: Undo Modify Component(s)
[2018.01.13-23.08.35:322][664]LogEditorTransaction: Undo Modify Component(s)
[2018.01.13-23.08.36:314][781]LogEditorTransaction: Undo Modify Component(s)
[2018.01.13-23.08.36:761][833]LogEditorTransaction: Undo Paste Component(s)
[2018.01.13-23.08.53:186][696]LogPhysics: Warning: Initialising Body : Scale3D is (nearly) zero: Component: '/Engine/Transient.World_0:PersistentLevel.GachaponMachine_C_0.Cube1' 
[2018.01.13-23.08.53:186][696]LogPhysics: Warning: Initialising Body : Scale3D is (nearly) zero: Component: '/Engine/Transient.World_0:PersistentLevel.GachaponMachine_C_0.Cube1' 
[2018.01.13-23.08.53:194][697]LogPhysics: Warning: Initialising Body : Scale3D is (nearly) zero: Component: '/Engine/Transient.World_0:PersistentLevel.GachaponMachine_C_0.Cube1' 
[2018.01.13-23.08.53:194][697]LogPhysics: Warning: Initialising Body : Scale3D is (nearly) zero: Component: '/Engine/Transient.World_0:PersistentLevel.GachaponMachine_C_0.Cube1' 
[2018.01.13-23.08.53:203][698]LogPhysics: Warning: Initialising Body : Scale3D is (nearly) zero: Component: '/Engine/Transient.World_0:PersistentLevel.GachaponMachine_C_0.Cube1' 
[2018.01.13-23.08.53:203][698]LogPhysics: Warning: Initialising Body : Scale3D is (nearly) zero: Component: '/Engine/Transient.World_0:PersistentLevel.GachaponMachine_C_0.Cube1' 
[2018.01.13-23.08.54:099][805]LogPhysics: Warning: Initialising Body : Scale3D is (nearly) zero: Component: '/Engine/Transient.World_0:PersistentLevel.GachaponMachine_C_0.Cube1' 
[2018.01.13-23.08.54:100][805]LogPhysics: Warning: Initialising Body : Scale3D is (nearly) zero: Component: '/Engine/Transient.World_0:PersistentLevel.GachaponMachine_C_0.Cube1' 
[2018.01.13-23.08.54:107][806]LogPhysics: Warning: Initialising Body : Scale3D is (nearly) zero: Component: '/Engine/Transient.World_0:PersistentLevel.GachaponMachine_C_0.Cube1' 
[2018.01.13-23.08.54:107][806]LogPhysics: Warning: Initialising Body : Scale3D is (nearly) zero: Component: '/Engine/Transient.World_0:PersistentLevel.GachaponMachine_C_0.Cube1' 
[2018.01.13-23.08.54:116][807]LogPhysics: Warning: Initialising Body : Scale3D is (nearly) zero: Component: '/Engine/Transient.World_0:PersistentLevel.GachaponMachine_C_0.Cube1' 
[2018.01.13-23.08.54:116][807]LogPhysics: Warning: Initialising Body : Scale3D is (nearly) zero: Component: '/Engine/Transient.World_0:PersistentLevel.GachaponMachine_C_0.Cube1' 
[2018.01.13-23.08.54:124][808]LogPhysics: Warning: Initialising Body : Scale3D is (nearly) zero: Component: '/Engine/Transient.World_0:PersistentLevel.GachaponMachine_C_0.Cube1' 
[2018.01.13-23.08.54:124][808]LogPhysics: Warning: Initialising Body : Scale3D is (nearly) zero: Component: '/Engine/Transient.World_0:PersistentLevel.GachaponMachine_C_0.Cube1' 
[2018.01.13-23.08.54:132][809]LogPhysics: Warning: Initialising Body : Scale3D is (nearly) zero: Component: '/Engine/Transient.World_0:PersistentLevel.GachaponMachine_C_0.Cube1' 
[2018.01.13-23.08.54:132][809]LogPhysics: Warning: Initialising Body : Scale3D is (nearly) zero: Component: '/Engine/Transient.World_0:PersistentLevel.GachaponMachine_C_0.Cube1' 
[2018.01.13-23.08.54:141][810]LogPhysics: Warning: Initialising Body : Scale3D is (nearly) zero: Component: '/Engine/Transient.World_0:PersistentLevel.GachaponMachine_C_0.Cube1' 
[2018.01.13-23.08.54:141][810]LogPhysics: Warning: Initialising Body : Scale3D is (nearly) zero: Component: '/Engine/Transient.World_0:PersistentLevel.GachaponMachine_C_0.Cube1' 
[2018.01.13-23.08.54:149][811]LogPhysics: Warning: Initialising Body : Scale3D is (nearly) zero: Component: '/Engine/Transient.World_0:PersistentLevel.GachaponMachine_C_0.Cube1' 
[2018.01.13-23.08.54:149][811]LogPhysics: Warning: Initialising Body : Scale3D is (nearly) zero: Component: '/Engine/Transient.World_0:PersistentLevel.GachaponMachine_C_0.Cube1' 
[2018.01.13-23.08.54:157][812]LogPhysics: Warning: Initialising Body : Scale3D is (nearly) zero: Component: '/Engine/Transient.World_0:PersistentLevel.GachaponMachine_C_0.Cube1' 
[2018.01.13-23.08.54:158][812]LogPhysics: Warning: Initialising Body : Scale3D is (nearly) zero: Component: '/Engine/Transient.World_0:PersistentLevel.GachaponMachine_C_0.Cube1' 
[2018.01.13-23.08.54:166][813]LogPhysics: Warning: Initialising Body : Scale3D is (nearly) zero: Component: '/Engine/Transient.World_0:PersistentLevel.GachaponMachine_C_0.Cube1' 
[2018.01.13-23.08.54:166][813]LogPhysics: Warning: Initialising Body : Scale3D is (nearly) zero: Component: '/Engine/Transient.World_0:PersistentLevel.GachaponMachine_C_0.Cube1' 
[2018.01.13-23.08.54:174][814]LogPhysics: Warning: Initialising Body : Scale3D is (nearly) zero: Component: '/Engine/Transient.World_0:PersistentLevel.GachaponMachine_C_0.Cube1' 
[2018.01.13-23.08.54:174][814]LogPhysics: Warning: Initialising Body : Scale3D is (nearly) zero: Component: '/Engine/Transient.World_0:PersistentLevel.GachaponMachine_C_0.Cube1' 
[2018.01.13-23.08.54:183][815]LogPhysics: Warning: Initialising Body : Scale3D is (nearly) zero: Component: '/Engine/Transient.World_0:PersistentLevel.GachaponMachine_C_0.Cube1' 
[2018.01.13-23.08.54:183][815]LogPhysics: Warning: Initialising Body : Scale3D is (nearly) zero: Component: '/Engine/Transient.World_0:PersistentLevel.GachaponMachine_C_0.Cube1' 
[2018.01.13-23.09.16:473][402]LogUObjectHash: Warning: Ambiguous search, could be StaticMeshComponent /Engine/Transient.Cube_GEN_VARIABLE or StaticMeshComponent /Engine/Transient.Cube_GEN_VARIABLE
[2018.01.13-23.09.16:762][436]LogUObjectHash: Warning: Ambiguous search, could be StaticMeshComponent /Engine/Transient.Cube_GEN_VARIABLE or StaticMeshComponent /Engine/Transient.Cube_GEN_VARIABLE
[2018.01.13-23.10.28:009][276]Cmd: OBJ SAVEPACKAGE PACKAGE="/Game/Blueprints/GachaponMachine" FILE="E:/UnrealProjects/GachaGame/Content/Blueprints/GachaponMachine.uasset" SILENT=true
[2018.01.13-23.10.28:026][276]LogSavePackage: Save=15.81ms
[2018.01.13-23.10.28:026][276]LogSavePackage: Moving 'E:/UnrealProjects/GachaGame/Saved/GachaponMachine5015422348BD3775C5DD73B1F02F3E43.tmp' to 'E:/UnrealProjects/GachaGame/Content/Blueprints/GachaponMachine.uasset'
[2018.01.13-23.10.28:027][276]LogSavePackage: Display: Finished SavePackage E:/UnrealProjects/GachaGame/Content/Blueprints/GachaponMachine.uasset
[2018.01.13-23.10.32:253][738]LogRenderer: Reallocating scene render targets to support 1548x656 Format 10 NumSamples 1 (Frame:32072).
[2018.01.13-23.10.32:464][742]LogRenderer: Reallocating scene render targets to support 1852x984 Format 10 NumSamples 1 (Frame:32076).
[2018.01.13-23.10.40:344][654]SourceControl: Error: fatal: Invalid path '/Temp': No such file or directory
[2018.01.13-23.10.41:759][824]LogEditorViewport: Clicking on Actor (LMB): StaticMeshActor (Floor)
[2018.01.13-23.11.36:862][217]LogEditorTransaction: Undo Modify Component(s)
[2018.01.13-23.11.37:402][246]LogEditorTransaction: Undo Modify Component(s)
[2018.01.13-23.11.37:896][293]LogEditorTransaction: Undo Modify Component(s)
[2018.01.13-23.12.08:473][769]LogEditorTransaction: Undo Make New Scene Root
[2018.01.13-23.12.32:073][468]Cmd: MODE SCALEGRID=0
[2018.01.13-23.12.33:008][580]Cmd: MODE SCALEGRID=1
[2018.01.13-23.13.39:275][347]Cmd: OBJ SAVEPACKAGE PACKAGE="/Game/Blueprints/GachaponMachine" FILE="E:/UnrealProjects/GachaGame/Content/Blueprints/GachaponMachine.uasset" SILENT=true
[2018.01.13-23.13.39:293][347]LogSavePackage: Save=15.28ms
[2018.01.13-23.13.39:293][347]LogSavePackage: Moving 'E:/UnrealProjects/GachaGame/Saved/GachaponMachine9C9FCFB843FBC429295C20B041A00999.tmp' to 'E:/UnrealProjects/GachaGame/Content/Blueprints/GachaponMachine.uasset'
[2018.01.13-23.13.39:294][347]LogSavePackage: Display: Finished SavePackage E:/UnrealProjects/GachaGame/Content/Blueprints/GachaponMachine.uasset
[2018.01.13-23.13.44:302][927]LogEditorViewport: Clicking on Actor (LMB): GachaponMachine_C (GachaponMachine)
[2018.01.13-23.13.45:360][ 35]LogTemp: Repeating last play command: Selected Viewport
[2018.01.13-23.13.45:371][ 35]BlueprintLog: New page: Pre-Play auto-recompile
[2018.01.13-23.13.45:372][ 35]LogPlayLevel: [PlayLevel] Compiling GachaponMachine before play...
[2018.01.13-23.13.45:878][ 35]LogPlayLevel: PlayLevel: Blueprint regeneration took 507 ms (1 blueprints)
[2018.01.13-23.13.45:879][ 35]PIE: New page: PIE session: Untitled_1 (Jan 13, 2018, 11:13:45 AM)
[2018.01.13-23.13.45:879][ 35]LogPlayLevel: Creating play world package: /Temp/UEDPIE_0_Untitled_1
[2018.01.13-23.13.45:883][ 35]LogPlayLevel: PIE: StaticDuplicateObject took: (0.003582s)
[2018.01.13-23.13.45:883][ 35]LogAIModule: Creating AISystem for world Untitled_1
[2018.01.13-23.13.45:883][ 35]LogPlayLevel: PIE: World Init took: (0.000558s)
[2018.01.13-23.13.45:883][ 35]LogPlayLevel: PIE: Created PIE world by copying editor world from /Temp/Untitled_1.Untitled_1 to /Temp/UEDPIE_0_Untitled_1.Untitled_1 (0.004352s)
[2018.01.13-23.13.45:913][ 35]LogInit: XAudio2 using 'Speakers (Realtek High Definition Audio)' : 2 channels at 48 kHz using 32 bits per sample (channel mask 0x3)
[2018.01.13-23.13.45:920][ 35]LogInit: FAudioDevice initialized.
[2018.01.13-23.13.45:957][ 35]LogLoad: Game class is 'GameModeBase'
[2018.01.13-23.13.45:961][ 35]LogWorld: Bringing World /Temp/UEDPIE_0_Untitled_1.Untitled_1 up for play (max tick rate 0) at 2018.01.13-17.13.45
[2018.01.13-23.13.45:961][ 35]LogWorld: Bringing up level for play took: 0.001644
[2018.01.13-23.13.46:050][ 35]LogContentBrowser: Native class hierarchy updated for 'MovieSceneCapture' in 0.0003 seconds. Added 11 classes and 0 folders.
[2018.01.13-23.13.46:051][ 35]PIE: Play in editor start time for /Temp/UEDPIE_0_Untitled_1 1.048
[2018.01.13-23.14.24:482][583]Cmd: OBJ SAVEPACKAGE PACKAGE="/Temp/Untitled_1" FILE="E:/UnrealProjects/GachaGame/Saved/Autosaves/Temp/Untitled_1_Auto1.umap" SILENT=true AUTOSAVING=true KEEPDIRTY=false
[2018.01.13-23.14.24:505][583]LogSavePackage: Save=23.36ms
[2018.01.13-23.14.24:505][583]LogSavePackage: Moving 'E:/UnrealProjects/GachaGame/Saved/Untitled_1_Auto15CB6EFF24AF39A1F106F4EA81A9BB3F0.tmp' to 'E:/UnrealProjects/GachaGame/Saved/Autosaves/Temp/Untitled_1_Auto1.umap'
[2018.01.13-23.14.24:506][583]LogSavePackage: Display: Finished SavePackage E:/UnrealProjects/GachaGame/Saved/Autosaves/Temp/Untitled_1_Auto1.umap
[2018.01.13-23.14.24:507][583]LogFileHelpers: Editor autosave (incl. sublevels) for '/Temp/Untitled_1' took 0.038
[2018.01.13-23.14.24:507][583]LogFileHelpers: Editor autosave (incl. sublevels) for all levels took 0.038
[2018.01.13-23.15.19:174][139]LogEditorViewport: Clicking on Actor (context menu): GachaponMachine_C (GachaponMachine)
[2018.01.13-23.15.56:774][487]LogContentBrowser: Native class hierarchy updated for 'MaterialEditor' in 0.0002 seconds. Added 1 classes and 0 folders.
[2018.01.13-23.15.56:775][487]LogMaterial: Missing cached shader map for material Glass, compiling. 
[2018.01.13-23.15.57:067][487]LogMaterial: Missing cached shader map for material Glass, compiling. 
[2018.01.13-23.15.57:106][487]LogSlate: Took 0.000141 seconds to synchronously load lazily loaded font '../../../Engine/Content/Editor/Slate/Fonts/Roboto-BoldCondensed.ttf' (158K)
[2018.01.13-23.15.58:138][599]MaterialEditorStats: Base pass shader: 99 instructions
[2018.01.13-23.15.58:138][599]MaterialEditorStats: Base pass shader with Volumetric Lightmap: 172 instructions
[2018.01.13-23.15.58:138][599]MaterialEditorStats: Vertex shader: 29 instructions
[2018.01.13-23.15.58:138][599]MaterialEditorStats: Texture samplers: 2/16
[2018.01.13-23.16.08:831][855]LogMaterial: Missing cached shader map for material Glass, compiling. 
[2018.01.13-23.16.08:845][855]LogMaterial: Missing cached shader map for material Glass, compiling. 
[2018.01.13-23.16.09:683][951]MaterialEditorStats: Base pass shader: 99 instructions
[2018.01.13-23.16.09:683][951]MaterialEditorStats: Base pass shader with Volumetric Lightmap: 172 instructions
[2018.01.13-23.16.09:683][951]MaterialEditorStats: Vertex shader: 29 instructions
[2018.01.13-23.16.09:683][951]MaterialEditorStats: Texture samplers: 2/16
[2018.01.13-23.16.15:390][610]LogMaterial: Missing cached shader map for material Glass, compiling. 
[2018.01.13-23.16.15:418][610]LogMaterial: Missing cached shader map for material Glass, compiling. 
[2018.01.13-23.16.16:796][765]MaterialEditorStats: Base pass shader: 44 instructions
[2018.01.13-23.16.16:796][765]MaterialEditorStats: Base pass shader with Volumetric Lightmap: 65 instructions
[2018.01.13-23.16.16:796][765]MaterialEditorStats: Vertex shader: 122 instructions
[2018.01.13-23.16.16:796][765]MaterialEditorStats: Texture samplers: 3/16
[2018.01.13-23.16.22:820][469]LogMaterial: Missing cached shader map for material Glass, compiling. 
[2018.01.13-23.16.22:838][469]LogMaterial: Missing cached shader map for material FMatExpressionPreview MaterialExpressionConstant3Vector_0, compiling. 
[2018.01.13-23.16.22:843][469]LogMaterial: Missing cached shader map for material Glass, compiling. 
[2018.01.13-23.16.22:883][469]LogMaterial: Missing cached shader map for material FMatExpressionPreview MaterialExpressionConstant3Vector_0, compiling. 
[2018.01.13-23.16.24:425][649]MaterialEditorStats: Base pass shader: 44 instructions
[2018.01.13-23.16.24:425][649]MaterialEditorStats: Base pass shader with Volumetric Lightmap: 65 instructions
[2018.01.13-23.16.24:425][649]MaterialEditorStats: Vertex shader: 122 instructions
[2018.01.13-23.16.24:425][649]MaterialEditorStats: Texture samplers: 3/16
[2018.01.13-23.16.26:844][935]LogMaterial: Missing cached shader map for material Glass, compiling. 
[2018.01.13-23.16.26:863][935]LogMaterial: Missing cached shader map for material FMatExpressionPreview MaterialExpressionConstant3Vector_0, compiling. 
[2018.01.13-23.16.28:357][ 90]LogMaterial: Missing cached shader map for material Glass, compiling. 
[2018.01.13-23.16.28:383][ 90]LogMaterial: Missing cached shader map for material FMatExpressionPreview MaterialExpressionConstant3Vector_0, compiling. 
[2018.01.13-23.16.29:875][257]MaterialEditorStats: Base pass shader: 44 instructions
[2018.01.13-23.16.29:875][257]MaterialEditorStats: Base pass shader with Volumetric Lightmap: 65 instructions
[2018.01.13-23.16.29:875][257]MaterialEditorStats: Vertex shader: 122 instructions
[2018.01.13-23.16.29:875][257]MaterialEditorStats: Texture samplers: 3/16
[2018.01.13-23.16.30:993][391]LogMaterial: Missing cached shader map for material Glass, compiling. 
[2018.01.13-23.16.31:017][391]LogMaterial: Missing cached shader map for material FMatExpressionPreview MaterialExpressionConstant3Vector_0, compiling. 
[2018.01.13-23.16.31:832][467]LogMaterial: Missing cached shader map for material Glass, compiling. 
[2018.01.13-23.16.31:860][467]LogMaterial: Missing cached shader map for material FMatExpressionPreview MaterialExpressionConstant3Vector_0, compiling. 
[2018.01.13-23.16.33:419][649]MaterialEditorStats: Base pass shader: 45 instructions
[2018.01.13-23.16.33:419][649]MaterialEditorStats: Base pass shader with Volumetric Lightmap: 66 instructions
[2018.01.13-23.16.33:419][649]MaterialEditorStats: Vertex shader: 122 instructions
[2018.01.13-23.16.33:419][649]MaterialEditorStats: Texture samplers: 3/16
[2018.01.13-23.16.45:566][ 84]LogMaterial: Missing cached shader map for material Glass, compiling. 
[2018.01.13-23.16.45:584][ 84]LogMaterial: Missing cached shader map for material Glass, compiling. 
[2018.01.13-23.16.47:024][249]MaterialEditorStats: Base pass shader: 49 instructions
[2018.01.13-23.16.47:024][249]MaterialEditorStats: Base pass shader with Volumetric Lightmap: 70 instructions
[2018.01.13-23.16.47:024][249]MaterialEditorStats: Vertex shader: 122 instructions
[2018.01.13-23.16.47:024][249]MaterialEditorStats: Texture samplers: 3/16
[2018.01.13-23.16.49:737][574]LogMaterial: Missing cached shader map for material Glass, compiling. 
[2018.01.13-23.16.51:181][741]MaterialEditorStats: Base pass shader: 49 instructions
[2018.01.13-23.16.51:181][741]MaterialEditorStats: Base pass shader with Volumetric Lightmap: 70 instructions
[2018.01.13-23.16.51:181][741]MaterialEditorStats: Vertex shader: 122 instructions
[2018.01.13-23.16.51:181][741]MaterialEditorStats: Texture samplers: 3/16
[2018.01.13-23.17.06:247][545]LogMaterialEditor: Saving and Compiling material Glass
[2018.01.13-23.17.06:612][545]LogMaterial: Missing cached shader map for material Glass, compiling. 
[2018.01.13-23.17.06:694][545]LogMaterial: Missing cached shader map for material Glass, compiling. 
[2018.01.13-23.17.06:744][545]LogMaterial: Missing cached shader map for material Glass, compiling. 
[2018.01.13-23.17.06:791][545]LogMaterial: Missing cached shader map for material FDebugViewModeMaterialProxy Glass, compiling. 
[2018.01.13-23.17.07:828][545]TextureStreamingBuild: Display: Compiling optional shaders took 1.042 seconds.
[2018.01.13-23.17.09:940][545]Cmd: OBJ SAVEPACKAGE PACKAGE="/Game/Materials/Glass" FILE="E:/UnrealProjects/GachaGame/Content/Materials/Glass.uasset" SILENT=true
[2018.01.13-23.17.09:959][545]LogSavePackage: Save=16.97ms
[2018.01.13-23.17.09:959][545]LogSavePackage: Moving 'E:/UnrealProjects/GachaGame/Saved/Glass6CF273A94626D3D54BCD44A01BCF23B9.tmp' to 'E:/UnrealProjects/GachaGame/Content/Materials/Glass.uasset'
[2018.01.13-23.17.09:961][545]LogSavePackage: Display: Finished SavePackage E:/UnrealProjects/GachaGame/Content/Materials/Glass.uasset
[2018.01.13-23.17.33:849][251]Cmd: OBJ SAVEPACKAGE PACKAGE="/Game/Blueprints/GachaponMachine" FILE="E:/UnrealProjects/GachaGame/Content/Blueprints/GachaponMachine.uasset" SILENT=true
[2018.01.13-23.17.33:865][251]LogSavePackage: Save=15.01ms
[2018.01.13-23.17.33:865][251]LogSavePackage: Moving 'E:/UnrealProjects/GachaGame/Saved/GachaponMachineAD88C03E4B4DADF4736B63B409D8C7CC.tmp' to 'E:/UnrealProjects/GachaGame/Content/Blueprints/GachaponMachine.uasset'
[2018.01.13-23.17.33:866][251]LogSavePackage: Display: Finished SavePackage E:/UnrealProjects/GachaGame/Content/Blueprints/GachaponMachine.uasset
[2018.01.13-23.17.36:273][535]LogTemp: Repeating last play command: Selected Viewport
[2018.01.13-23.17.36:282][535]BlueprintLog: New page: Pre-Play auto-recompile
[2018.01.13-23.17.36:283][535]LogPlayLevel: [PlayLevel] Compiling GachaponMachine before play...
[2018.01.13-23.17.36:597][535]LogPlayLevel: PlayLevel: Blueprint regeneration took 315 ms (1 blueprints)
[2018.01.13-23.17.36:597][535]PIE: New page: PIE session: Untitled_1 (Jan 13, 2018, 11:17:36 AM)
[2018.01.13-23.17.36:597][535]LogPlayLevel: Creating play world package: /Temp/UEDPIE_0_Untitled_1
[2018.01.13-23.17.36:601][535]LogPlayLevel: PIE: StaticDuplicateObject took: (0.003944s)
[2018.01.13-23.17.36:601][535]LogAIModule: Creating AISystem for world Untitled_1
[2018.01.13-23.17.36:602][535]LogPlayLevel: PIE: World Init took: (0.000564s)
[2018.01.13-23.17.36:602][535]LogPlayLevel: PIE: Created PIE world by copying editor world from /Temp/Untitled_1.Untitled_1 to /Temp/UEDPIE_0_Untitled_1.Untitled_1 (0.004699s)
[2018.01.13-23.17.36:632][535]LogInit: XAudio2 using 'Speakers (Realtek High Definition Audio)' : 2 channels at 48 kHz using 32 bits per sample (channel mask 0x3)
[2018.01.13-23.17.36:639][535]LogInit: FAudioDevice initialized.
[2018.01.13-23.17.36:665][535]LogLoad: Game class is 'GameModeBase'
[2018.01.13-23.17.36:666][535]LogWorld: Bringing World /Temp/UEDPIE_0_Untitled_1.Untitled_1 up for play (max tick rate 0) at 2018.01.13-17.17.36
[2018.01.13-23.17.36:666][535]LogWorld: Bringing up level for play took: 0.000577
[2018.01.13-23.17.36:667][535]PIE: Play in editor start time for /Temp/UEDPIE_0_Untitled_1 -0.351
[2018.01.13-23.17.46:807][740]Cmd: SELECT NONE
[2018.01.13-23.21.47:186][747]SourceControl: On branch master
[2018.01.13-23.21.47:186][747]SourceControl: Your branch is up to date with 'origin/master'.
[2018.01.13-23.21.47:186][747]SourceControl: Changes to be committed:
[2018.01.13-23.21.47:186][747]SourceControl:   (use "git reset HEAD <file>..." to unstage)
[2018.01.13-23.21.47:186][747]SourceControl: 	new file:   Content/Blueprints/GachaponMachine.uasset
[2018.01.13-23.21.47:186][747]SourceControl: 	new file:   Content/Materials/Glass.uasset
[2018.01.13-23.21.47:186][747]SourceControl: Changes not staged for commit:
[2018.01.13-23.21.47:186][747]SourceControl:   (use "git add <file>..." to update what will be committed)
[2018.01.13-23.21.47:186][747]SourceControl:   (use "git checkout -- <file>..." to discard changes in working directory)
[2018.01.13-23.21.47:186][747]SourceControl: 	modified:   Content/Blueprints/GachaponMachine.uasset
[2018.01.13-23.21.47:186][747]SourceControl: 	modified:   Saved/AutoScreenshot.png
[2018.01.13-23.21.47:186][747]SourceControl: 	modified:   Saved/Autosaves/PackageRestoreData.json
[2018.01.13-23.21.47:186][747]SourceControl: 	modified:   Saved/Config/Windows/Editor.ini
[2018.01.13-23.21.47:186][747]SourceControl: 	modified:   Saved/Config/Windows/EditorPerProjectUserSettings.ini
[2018.01.13-23.21.47:186][747]SourceControl: 	modified:   Saved/Config/Windows/SourceControlSettings.ini
[2018.01.13-23.21.47:186][747]SourceControl: 	modified:   Saved/Logs/GachaGame.log
[2018.01.13-23.21.47:186][747]SourceControl: Untracked files:
[2018.01.13-23.21.47:186][747]SourceControl:   (use "git add <file>..." to include in what will be committed)
[2018.01.13-23.21.47:186][747]SourceControl: 	Intermediate/AssetRegistryCache/311563bb.bin
[2018.01.13-23.21.47:186][747]SourceControl: 	Intermediate/AssetRegistryCache/c90e3f55.bin
[2018.01.13-23.21.47:186][747]SourceControl: 	Saved/Autosaves/Temp/
[2018.01.13-23.21.47:186][747]SourceControl: 	Saved/Backup/
[2018.01.13-23.21.47:186][747]SourceControl: 	Saved/Config/CrashReportClient/UE4CC-Windows-DEB4874747276BD772E785A8EC992A48/
[2018.01.13-23.21.47:186][747]SourceControl: 	Saved/Config/WorldState/
[2018.01.13-23.21.47:186][747]SourceControl: 	Saved/Logs/GachaGame-backup-2018.01.13-16.35.06.log
[2018.01.13-23.21.47:397][747]LogMetaData: Removing '/Game/Blueprints/GachaponCapsule.GachaponCapsule:UserConstructionScript.K2Node_FunctionEntry_0' ref from Metadata '/Game/Blueprints/Gachapon.PackageMetaData'
[2018.01.13-23.21.47:397][747]LogMetaData: Removing '/Game/Blueprints/GachaponCapsule.SKEL_GachaponCapsule_C' ref from Metadata '/Game/Blueprints/Gachapon.PackageMetaData'
[2018.01.13-23.21.47:397][747]LogMetaData: Removing '/Game/Blueprints/GachaponCapsule.GachaponCapsule_C' ref from Metadata '/Game/Blueprints/Gachapon.PackageMetaData'
[2018.01.13-23.21.47:397][747]LogMetaData: Removing '/Game/Blueprints/GachaponCapsule.GachaponCapsule:EventGraph.K2Node_Event_0' ref from Metadata '/Game/Blueprints/Gachapon.PackageMetaData'
[2018.01.13-23.21.47:397][747]LogMetaData: Removing '/Game/Blueprints/GachaponCapsule.GachaponCapsule:EventGraph.K2Node_Event_1' ref from Metadata '/Game/Blueprints/Gachapon.PackageMetaData'
[2018.01.13-23.21.47:397][747]LogMetaData: Removing '/Game/Blueprints/GachaponCapsule.GachaponCapsule:EventGraph.K2Node_Event_2' ref from Metadata '/Game/Blueprints/Gachapon.PackageMetaData'
[2018.01.13-23.21.47:446][747]Cmd: OBJ SAVEPACKAGE PACKAGE="/Game/Blueprints/GachaponCapsule" FILE="E:/UnrealProjects/GachaGame/Content/Blueprints/GachaponCapsule.uasset" SILENT=true
[2018.01.13-23.21.47:470][747]LogSavePackage: Save=23.03ms
[2018.01.13-23.21.47:470][747]LogSavePackage: Moving 'E:/UnrealProjects/GachaGame/Saved/GachaponCapsule868138584126BA87B062D0AD75646A2D.tmp' to 'E:/UnrealProjects/GachaGame/Content/Blueprints/GachaponCapsule.uasset'
[2018.01.13-23.21.47:471][747]LogSavePackage: Display: Finished SavePackage E:/UnrealProjects/GachaGame/Content/Blueprints/GachaponCapsule.uasset
[2018.01.13-23.24.37:769][488]LogEditorTransaction: Undo Modify Component(s)
[2018.01.13-23.24.37:776][488]LogMaterial: Missing cached shader map for material Glass, compiling. 
[2018.01.13-23.24.39:410][641]MaterialEditorStats: Base pass shader: 49 instructions
[2018.01.13-23.24.39:410][641]MaterialEditorStats: Base pass shader with Volumetric Lightmap: 70 instructions
[2018.01.13-23.24.39:410][641]MaterialEditorStats: Vertex shader: 122 instructions
[2018.01.13-23.24.39:410][641]MaterialEditorStats: Texture samplers: 3/16
[2018.01.13-23.24.41:370][874]LogEditorTransaction: Undo Set Scale
[2018.01.13-23.24.41:373][874]LogMaterial: Missing cached shader map for material Glass, compiling. 
[2018.01.13-23.24.42:804][988]MaterialEditorStats: Base pass shader: 49 instructions
[2018.01.13-23.24.42:804][988]MaterialEditorStats: Base pass shader with Volumetric Lightmap: 70 instructions
[2018.01.13-23.24.42:804][988]MaterialEditorStats: Vertex shader: 122 instructions
[2018.01.13-23.24.42:804][988]MaterialEditorStats: Texture samplers: 3/16
[2018.01.13-23.24.51:831][ 65]LogPhysics: Warning: Initialising Body : Scale3D is (nearly) zero: Component: '/Engine/Transient.World_5:PersistentLevel.GachaponCapsule_C_0.SphereCollider' 
[2018.01.13-23.24.51:831][ 65]LogPhysics: Warning: Initialising Body : Scale3D is (nearly) zero: Component: '/Engine/Transient.World_5:PersistentLevel.GachaponCapsule_C_0.SphereCollider' 
[2018.01.13-23.24.51:839][ 66]LogPhysics: Warning: Initialising Body : Scale3D is (nearly) zero: Component: '/Engine/Transient.World_5:PersistentLevel.GachaponCapsule_C_0.SphereCollider' 
[2018.01.13-23.24.51:847][ 67]LogPhysics: Warning: Initialising Body : Scale3D is (nearly) zero: Component: '/Engine/Transient.World_5:PersistentLevel.GachaponCapsule_C_0.SphereCollider' 
[2018.01.13-23.24.51:856][ 68]LogPhysics: Warning: Initialising Body : Scale3D is (nearly) zero: Component: '/Engine/Transient.World_5:PersistentLevel.GachaponCapsule_C_0.SphereCollider' 
[2018.01.13-23.24.51:864][ 69]LogPhysics: Warning: Initialising Body : Scale3D is (nearly) zero: Component: '/Engine/Transient.World_5:PersistentLevel.GachaponCapsule_C_0.SphereCollider' 
[2018.01.13-23.24.52:299][121]LogPhysics: Warning: Initialising Body : Scale3D is (nearly) zero: Component: '/Engine/Transient.World_5:PersistentLevel.GachaponCapsule_C_0.SphereCollider' 
[2018.01.13-23.24.52:299][121]LogPhysics: Warning: Initialising Body : Scale3D is (nearly) zero: Component: '/Engine/Transient.World_5:PersistentLevel.GachaponCapsule_C_0.SphereCollider' 
[2018.01.13-23.24.52:307][122]LogPhysics: Warning: Initialising Body : Scale3D is (nearly) zero: Component: '/Engine/Transient.World_5:PersistentLevel.GachaponCapsule_C_0.SphereCollider' 
[2018.01.13-23.26.59:748][122]LogSlate: Took 0.003820 seconds to synchronously load lazily loaded font '../../../Engine/Content/Editor/Slate/Fonts/Roboto-BoldCondensedItalic.ttf' (160K)
[2018.01.13-23.27.39:064][ 25]BlueprintLog: New page: Compile GachaponCapsule
[2018.01.13-23.27.39:155][ 25]LogPhysics: Warning: Initialising Body : Scale3D is (nearly) zero: Component: '/Engine/Transient.World_5:PersistentLevel.GachaponCapsule_C_0.SphereMesh' 
[2018.01.13-23.27.39:293][ 25]LogPhysics: Warning: Initialising Body : Scale3D is (nearly) zero: Component: '/Temp/Untitled_1.Untitled_1:PersistentLevel.GachaponCapsule_200.SphereMesh' 
[2018.01.13-23.27.39:392][ 25]LogPhysics: Warning: Initialising Body : Scale3D is (nearly) zero: Component: '/Engine/Transient.World_5:PersistentLevel.GachaponCapsule_C_0.SphereMesh' 
[2018.01.13-23.27.39:392][ 25]LogPhysics: Warning: Initialising Body : Scale3D is (nearly) zero: Component: '/Engine/Transient.World_5:PersistentLevel.GachaponCapsule_C_0.SphereCollider' 
[2018.01.13-23.27.39:392][ 25]LogPhysics: Warning: Initialising Body : Scale3D is (nearly) zero: Component: '/Engine/Transient.World_5:PersistentLevel.GachaponCapsule_C_0.SphereMesh' 
[2018.01.13-23.27.39:392][ 25]LogPhysics: Warning: Initialising Body : Scale3D is (nearly) zero: Component: '/Engine/Transient.World_5:PersistentLevel.GachaponCapsule_C_0.SphereMesh' 
[2018.01.13-23.27.39:392][ 25]LogPhysics: Warning: Initialising Body : Scale3D is (nearly) zero: Component: '/Engine/Transient.World_5:PersistentLevel.GachaponCapsule_C_0.SphereCollider' 
[2018.01.13-23.27.39:392][ 25]LogPhysics: Warning: Initialising Body : Scale3D is (nearly) zero: Component: '/Temp/Untitled_1.Untitled_1:PersistentLevel.GachaponCapsule_200.SphereMesh' 
[2018.01.13-23.27.39:392][ 25]LogPhysics: Warning: Initialising Body : Scale3D is (nearly) zero: Component: '/Temp/Untitled_1.Untitled_1:PersistentLevel.GachaponCapsule_200.SphereCollider' 
[2018.01.13-23.27.39:392][ 25]LogPhysics: Warning: Initialising Body : Scale3D is (nearly) zero: Component: '/Temp/Untitled_1.Untitled_1:PersistentLevel.GachaponCapsule_200.SphereMesh' 
[2018.01.13-23.27.39:393][ 25]LogPhysics: Warning: Initialising Body : Scale3D is (nearly) zero: Component: '/Temp/Untitled_1.Untitled_1:PersistentLevel.GachaponCapsule_200.SphereMesh' 
[2018.01.13-23.27.39:393][ 25]LogPhysics: Warning: Initialising Body : Scale3D is (nearly) zero: Component: '/Temp/Untitled_1.Untitled_1:PersistentLevel.GachaponCapsule_200.SphereCollider' 
[2018.01.13-23.27.43:768][540]LogPhysics: Warning: Initialising Body : Scale3D is (nearly) zero: Component: '/Engine/Transient.World_5:PersistentLevel.GachaponCapsule_C_0.SphereMesh' 
[2018.01.13-23.27.43:768][540]LogPhysics: Warning: Initialising Body : Scale3D is (nearly) zero: Component: '/Engine/Transient.World_5:PersistentLevel.GachaponCapsule_C_0.SphereCollider' 
[2018.01.13-23.27.43:768][540]LogPhysics: Warning: Initialising Body : Scale3D is (nearly) zero: Component: '/Temp/Untitled_1.Untitled_1:PersistentLevel.GachaponCapsule_200.SphereMesh' 
[2018.01.13-23.27.43:769][540]LogPhysics: Warning: Initialising Body : Scale3D is (nearly) zero: Component: '/Temp/Untitled_1.Untitled_1:PersistentLevel.GachaponCapsule_200.SphereCollider' 
[2018.01.13-23.28.12:603][915]Cmd: OBJ SAVEPACKAGE PACKAGE="/Game/Blueprints/GachaponCapsule" FILE="E:/UnrealProjects/GachaGame/Content/Blueprints/GachaponCapsule.uasset" SILENT=true
[2018.01.13-23.28.12:637][915]LogSavePackage: Save=30.38ms
[2018.01.13-23.28.12:637][915]LogSavePackage: Moving 'E:/UnrealProjects/GachaGame/Saved/GachaponCapsule8E1E3145484C06E04A93F2A2E7FB5FA7.tmp' to 'E:/UnrealProjects/GachaGame/Content/Blueprints/GachaponCapsule.uasset'
[2018.01.13-23.28.12:638][915]LogSavePackage: Display: Finished SavePackage E:/UnrealProjects/GachaGame/Content/Blueprints/GachaponCapsule.uasset
[2018.01.13-23.28.27:733][642]Cmd: OBJ SAVEPACKAGE PACKAGE="/Game/Blueprints/GachaponCapsule" FILE="E:/UnrealProjects/GachaGame/Content/Blueprints/GachaponCapsule.uasset" SILENT=true
[2018.01.13-23.28.27:750][642]LogSavePackage: Save=16.55ms
[2018.01.13-23.28.27:750][642]LogSavePackage: Moving 'E:/UnrealProjects/GachaGame/Saved/GachaponCapsuleEF9D9AF24AB480BE47CEC690E78117FD.tmp' to 'E:/UnrealProjects/GachaGame/Content/Blueprints/GachaponCapsule.uasset'
[2018.01.13-23.28.27:751][642]LogSavePackage: Display: Finished SavePackage E:/UnrealProjects/GachaGame/Content/Blueprints/GachaponCapsule.uasset
[2018.01.13-23.28.33:486][310]LogEditorViewport: Clicking on Actor (LMB): GachaponCapsule_C (GachaponCapsule)
[2018.01.13-23.28.40:476][125]LogEditorActor: Deleted Actor: GachaponCapsule_C
[2018.01.13-23.28.40:492][125]LogEditorActor: Deleted 1 Actors (0.016 secs)
[2018.01.13-23.28.41:307][222]LogEditorActor: Deleted Actor: GachaponCapsule_C
[2018.01.13-23.28.41:320][222]LogEditorActor: Deleted 1 Actors (0.014 secs)
[2018.01.13-23.28.42:152][321]LogEditorActor: Deleted Actor: GachaponMachine_C
[2018.01.13-23.28.42:165][321]LogEditorActor: Deleted 1 Actors (0.014 secs)
[2018.01.13-23.28.43:855][524]Cmd: TRANSACTION UNDO
[2018.01.13-23.28.43:855][524]LogEditorTransaction: Undo Delete selection
[2018.01.13-23.28.43:862][524]LogMaterial: Missing cached shader map for material Glass, compiling. 
[2018.01.13-23.28.45:553][670]MaterialEditorStats: Base pass shader: 49 instructions
[2018.01.13-23.28.45:553][670]MaterialEditorStats: Base pass shader with Volumetric Lightmap: 70 instructions
[2018.01.13-23.28.45:553][670]MaterialEditorStats: Vertex shader: 122 instructions
[2018.01.13-23.28.45:554][670]MaterialEditorStats: Texture samplers: 3/16
[2018.01.13-23.29.15:868][183]Cmd: OBJ SAVEPACKAGE PACKAGE="/Game/Blueprints/GachaponCapsule" FILE="E:/UnrealProjects/GachaGame/Content/Blueprints/GachaponCapsule.uasset" SILENT=true
[2018.01.13-23.29.15:887][183]LogSavePackage: Save=17.97ms
[2018.01.13-23.29.15:887][183]LogSavePackage: Moving 'E:/UnrealProjects/GachaGame/Saved/GachaponCapsule46863E6E4981398AAA8DB0B457732E49.tmp' to 'E:/UnrealProjects/GachaGame/Content/Blueprints/GachaponCapsule.uasset'
[2018.01.13-23.29.15:888][183]LogSavePackage: Display: Finished SavePackage E:/UnrealProjects/GachaGame/Content/Blueprints/GachaponCapsule.uasset
[2018.01.13-23.29.23:026][ 24]LogTemp: Repeating last play command: Selected Viewport
[2018.01.13-23.29.23:035][ 24]BlueprintLog: New page: Pre-Play auto-recompile
[2018.01.13-23.29.23:038][ 24]LogPlayLevel: [PlayLevel] Compiling GachaponCapsule before play...
[2018.01.13-23.29.23:303][ 24]LogPlayLevel: PlayLevel: Blueprint regeneration took 268 ms (1 blueprints)
[2018.01.13-23.29.23:304][ 24]PIE: New page: PIE session: Untitled_1 (Jan 13, 2018, 11:29:23 AM)
[2018.01.13-23.29.23:304][ 24]LogPlayLevel: Creating play world package: /Temp/UEDPIE_0_Untitled_1
[2018.01.13-23.29.23:308][ 24]LogPlayLevel: PIE: StaticDuplicateObject took: (0.004462s)
[2018.01.13-23.29.23:309][ 24]LogAIModule: Creating AISystem for world Untitled_1
[2018.01.13-23.29.23:309][ 24]LogPlayLevel: PIE: World Init took: (0.000553s)
[2018.01.13-23.29.23:309][ 24]LogPlayLevel: PIE: Created PIE world by copying editor world from /Temp/Untitled_1.Untitled_1 to /Temp/UEDPIE_0_Untitled_1.Untitled_1 (0.005200s)
[2018.01.13-23.29.23:340][ 24]LogInit: XAudio2 using 'Speakers (Realtek High Definition Audio)' : 2 channels at 48 kHz using 32 bits per sample (channel mask 0x3)
[2018.01.13-23.29.23:347][ 24]LogInit: FAudioDevice initialized.
[2018.01.13-23.29.23:531][ 24]LogLoad: Game class is 'GameModeBase'
[2018.01.13-23.29.23:533][ 24]LogWorld: Bringing World /Temp/UEDPIE_0_Untitled_1.Untitled_1 up for play (max tick rate 0) at 2018.01.13-17.29.23
[2018.01.13-23.29.23:534][ 24]LogWorld: Bringing up level for play took: 0.001522
[2018.01.13-23.29.23:537][ 24]PIE: Play in editor start time for /Temp/UEDPIE_0_Untitled_1 0.475
[2018.01.13-23.29.35:185][398]LogEditorViewport: Clicking on Actor (LMB): GachaponCapsule_C (GachaponCapsule)
[2018.01.13-23.30.27:037][266]Cmd: OBJ SAVEPACKAGE PACKAGE="/Game/Blueprints/GachaponCapsule" FILE="E:/UnrealProjects/GachaGame/Content/Blueprints/GachaponCapsule.uasset" SILENT=true
[2018.01.13-23.30.27:056][266]LogSavePackage: Save=18.51ms
[2018.01.13-23.30.27:056][266]LogSavePackage: Moving 'E:/UnrealProjects/GachaGame/Saved/GachaponCapsule3AB3F33E458CDE338A2158BB3AC20AB2.tmp' to 'E:/UnrealProjects/GachaGame/Content/Blueprints/GachaponCapsule.uasset'
[2018.01.13-23.30.27:057][266]LogSavePackage: Display: Finished SavePackage E:/UnrealProjects/GachaGame/Content/Blueprints/GachaponCapsule.uasset
[2018.01.13-23.31.09:405][178]Cmd: OBJ SAVEPACKAGE PACKAGE="/Game/Blueprints/GachaponCapsule" FILE="E:/UnrealProjects/GachaGame/Content/Blueprints/GachaponCapsule.uasset" SILENT=true
[2018.01.13-23.31.09:425][178]LogSavePackage: Save=18.49ms
[2018.01.13-23.31.09:425][178]LogSavePackage: Moving 'E:/UnrealProjects/GachaGame/Saved/GachaponCapsuleCA01ED9E4D1F9BE95A0B97A6BBE8136D.tmp' to 'E:/UnrealProjects/GachaGame/Content/Blueprints/GachaponCapsule.uasset'
[2018.01.13-23.31.09:426][178]LogSavePackage: Display: Finished SavePackage E:/UnrealProjects/GachaGame/Content/Blueprints/GachaponCapsule.uasset
[2018.01.13-23.31.11:263][390]LogTemp: Repeating last play command: Selected Viewport
[2018.01.13-23.31.11:272][390]BlueprintLog: New page: Pre-Play auto-recompile
[2018.01.13-23.31.11:275][390]LogPlayLevel: [PlayLevel] Compiling GachaponCapsule before play...
[2018.01.13-23.31.11:601][390]LogPlayLevel: PlayLevel: Blueprint regeneration took 328 ms (1 blueprints)
[2018.01.13-23.31.11:601][390]PIE: New page: PIE session: Untitled_1 (Jan 13, 2018, 11:31:11 AM)
[2018.01.13-23.31.11:601][390]LogPlayLevel: Creating play world package: /Temp/UEDPIE_0_Untitled_1
[2018.01.13-23.31.11:605][390]LogPlayLevel: PIE: StaticDuplicateObject took: (0.003869s)
[2018.01.13-23.31.11:605][390]LogAIModule: Creating AISystem for world Untitled_1
[2018.01.13-23.31.11:605][390]LogPlayLevel: PIE: World Init took: (0.000485s)
[2018.01.13-23.31.11:606][390]LogPlayLevel: PIE: Created PIE world by copying editor world from /Temp/Untitled_1.Untitled_1 to /Temp/UEDPIE_0_Untitled_1.Untitled_1 (0.004546s)
[2018.01.13-23.31.11:638][390]LogInit: XAudio2 using 'Speakers (Realtek High Definition Audio)' : 2 channels at 48 kHz using 32 bits per sample (channel mask 0x3)
[2018.01.13-23.31.11:644][390]LogInit: FAudioDevice initialized.
[2018.01.13-23.31.11:671][390]LogLoad: Game class is 'GameModeBase'
[2018.01.13-23.31.11:672][390]LogWorld: Bringing World /Temp/UEDPIE_0_Untitled_1.Untitled_1 up for play (max tick rate 0) at 2018.01.13-17.31.11
[2018.01.13-23.31.11:672][390]LogWorld: Bringing up level for play took: 0.000624
[2018.01.13-23.31.11:673][390]PIE: Play in editor start time for /Temp/UEDPIE_0_Untitled_1 0.605
[2018.01.13-23.31.19:898][363]LogEditorViewport: Clicking on Actor (context menu): GachaponCapsule_C (GachaponCapsule)
[2018.01.13-23.31.25:495][ 20]LogTemp: Repeating last play command: Selected Viewport
[2018.01.13-23.31.25:503][ 20]LogPlayLevel: PlayLevel: No blueprints needed recompiling
[2018.01.13-23.31.25:503][ 20]PIE: New page: PIE session: Untitled_1 (Jan 13, 2018, 11:31:25 AM)
[2018.01.13-23.31.25:503][ 20]LogPlayLevel: Creating play world package: /Temp/UEDPIE_0_Untitled_1
[2018.01.13-23.31.25:507][ 20]LogPlayLevel: PIE: StaticDuplicateObject took: (0.003530s)
[2018.01.13-23.31.25:507][ 20]LogAIModule: Creating AISystem for world Untitled_1
[2018.01.13-23.31.25:507][ 20]LogPlayLevel: PIE: World Init took: (0.000482s)
[2018.01.13-23.31.25:507][ 20]LogPlayLevel: PIE: Created PIE world by copying editor world from /Temp/Untitled_1.Untitled_1 to /Temp/UEDPIE_0_Untitled_1.Untitled_1 (0.004193s)
[2018.01.13-23.31.25:541][ 20]LogInit: XAudio2 using 'Speakers (Realtek High Definition Audio)' : 2 channels at 48 kHz using 32 bits per sample (channel mask 0x3)
[2018.01.13-23.31.25:547][ 20]LogInit: FAudioDevice initialized.
[2018.01.13-23.31.25:576][ 20]LogLoad: Game class is 'GameModeBase'
[2018.01.13-23.31.25:578][ 20]LogWorld: Bringing World /Temp/UEDPIE_0_Untitled_1.Untitled_1 up for play (max tick rate 0) at 2018.01.13-17.31.25
[2018.01.13-23.31.25:578][ 20]LogWorld: Bringing up level for play took: 0.000928
[2018.01.13-23.31.25:579][ 20]PIE: Play in editor start time for /Temp/UEDPIE_0_Untitled_1 0.51
[2018.01.13-23.31.32:014][781]LogEditorViewport: Clicking on Actor (LMB): GachaponCapsule_C (GachaponCapsule)
[2018.01.13-23.31.44:560][174]LogTemp: Repeating last play command: Selected Viewport
[2018.01.13-23.31.44:567][174]LogPlayLevel: PlayLevel: No blueprints needed recompiling
[2018.01.13-23.31.44:568][174]PIE: New page: PIE session: Untitled_1 (Jan 13, 2018, 11:31:44 AM)
[2018.01.13-23.31.44:568][174]LogPlayLevel: Creating play world package: /Temp/UEDPIE_0_Untitled_1
[2018.01.13-23.31.44:571][174]LogPlayLevel: PIE: StaticDuplicateObject took: (0.003465s)
[2018.01.13-23.31.44:572][174]LogAIModule: Creating AISystem for world Untitled_1
[2018.01.13-23.31.44:572][174]LogPlayLevel: PIE: World Init took: (0.000550s)
[2018.01.13-23.31.44:572][174]LogPlayLevel: PIE: Created PIE world by copying editor world from /Temp/Untitled_1.Untitled_1 to /Temp/UEDPIE_0_Untitled_1.Untitled_1 (0.004199s)
[2018.01.13-23.31.44:604][174]LogInit: XAudio2 using 'Speakers (Realtek High Definition Audio)' : 2 channels at 48 kHz using 32 bits per sample (channel mask 0x3)
[2018.01.13-23.31.44:610][174]LogInit: FAudioDevice initialized.
[2018.01.13-23.31.44:638][174]LogLoad: Game class is 'GameModeBase'
[2018.01.13-23.31.44:639][174]LogWorld: Bringing World /Temp/UEDPIE_0_Untitled_1.Untitled_1 up for play (max tick rate 0) at 2018.01.13-17.31.44
[2018.01.13-23.31.44:640][174]LogWorld: Bringing up level for play took: 0.001313
[2018.01.13-23.31.44:641][174]PIE: Play in editor start time for /Temp/UEDPIE_0_Untitled_1 -0.429
[2018.01.13-23.31.50:958][893]LogEditorViewport: Clicking on Actor (LMB): GachaponMachine_C (GachaponMachine)
[2018.01.13-23.31.51:643][971]LogEditorViewport: Clicking on Actor (LMB): GachaponMachine_C (GachaponMachine)
[2018.01.13-23.31.52:434][ 63]LogEditorViewport: Clicking on Actor (LMB): GachaponMachine_C (GachaponMachine)
[2018.01.13-23.31.56:709][566]LogTemp: Repeating last play command: Selected Viewport
[2018.01.13-23.31.56:716][566]LogPlayLevel: PlayLevel: No blueprints needed recompiling
[2018.01.13-23.31.56:716][566]PIE: New page: PIE session: Untitled_1 (Jan 13, 2018, 11:31:56 AM)
[2018.01.13-23.31.56:716][566]LogPlayLevel: Creating play world package: /Temp/UEDPIE_0_Untitled_1
[2018.01.13-23.31.56:720][566]LogPlayLevel: PIE: StaticDuplicateObject took: (0.003354s)
[2018.01.13-23.31.56:720][566]LogAIModule: Creating AISystem for world Untitled_1
[2018.01.13-23.31.56:720][566]LogPlayLevel: PIE: World Init took: (0.000487s)
[2018.01.13-23.31.56:720][566]LogPlayLevel: PIE: Created PIE world by copying editor world from /Temp/Untitled_1.Untitled_1 to /Temp/UEDPIE_0_Untitled_1.Untitled_1 (0.004016s)
[2018.01.13-23.31.56:751][566]LogInit: XAudio2 using 'Speakers (Realtek High Definition Audio)' : 2 channels at 48 kHz using 32 bits per sample (channel mask 0x3)
[2018.01.13-23.31.56:758][566]LogInit: FAudioDevice initialized.
[2018.01.13-23.31.56:786][566]LogLoad: Game class is 'GameModeBase'
[2018.01.13-23.31.56:787][566]LogWorld: Bringing World /Temp/UEDPIE_0_Untitled_1.Untitled_1 up for play (max tick rate 0) at 2018.01.13-17.31.56
[2018.01.13-23.31.56:787][566]LogWorld: Bringing up level for play took: 0.000640
[2018.01.13-23.31.56:788][566]PIE: Play in editor start time for /Temp/UEDPIE_0_Untitled_1 -0.283
[2018.01.13-23.32.05:311][554]LogTemp: Repeating last play command: Selected Viewport
[2018.01.13-23.32.05:318][554]LogPlayLevel: PlayLevel: No blueprints needed recompiling
[2018.01.13-23.32.05:319][554]PIE: New page: PIE session: Untitled_1 (Jan 13, 2018, 11:32:05 AM)
[2018.01.13-23.32.05:319][554]LogPlayLevel: Creating play world package: /Temp/UEDPIE_0_Untitled_1
[2018.01.13-23.32.05:322][554]LogPlayLevel: PIE: StaticDuplicateObject took: (0.003538s)
[2018.01.13-23.32.05:323][554]LogAIModule: Creating AISystem for world Untitled_1
[2018.01.13-23.32.05:323][554]LogPlayLevel: PIE: World Init took: (0.000497s)
[2018.01.13-23.32.05:323][554]LogPlayLevel: PIE: Created PIE world by copying editor world from /Temp/Untitled_1.Untitled_1 to /Temp/UEDPIE_0_Untitled_1.Untitled_1 (0.004213s)
[2018.01.13-23.32.05:355][554]LogInit: XAudio2 using 'Speakers (Realtek High Definition Audio)' : 2 channels at 48 kHz using 32 bits per sample (channel mask 0x3)
[2018.01.13-23.32.05:361][554]LogInit: FAudioDevice initialized.
[2018.01.13-23.32.05:389][554]LogLoad: Game class is 'GameModeBase'
[2018.01.13-23.32.05:390][554]LogWorld: Bringing World /Temp/UEDPIE_0_Untitled_1.Untitled_1 up for play (max tick rate 0) at 2018.01.13-17.32.05
[2018.01.13-23.32.05:390][554]LogWorld: Bringing up level for play took: 0.000636
[2018.01.13-23.32.05:391][554]PIE: Play in editor start time for /Temp/UEDPIE_0_Untitled_1 0.319
[2018.01.13-23.32.08:407][904]LogEditorViewport: Clicking on Actor (LMB): PlayerStart (Player Start)
[2018.01.13-23.32.42:945][966]Cmd: OBJ SAVEPACKAGE PACKAGE="/Temp/Untitled_1" FILE="E:/UnrealProjects/GachaGame/Saved/Autosaves/Temp/Untitled_1_Auto2.umap" SILENT=true AUTOSAVING=true KEEPDIRTY=false
[2018.01.13-23.32.42:971][966]LogSavePackage: Save=25.11ms
[2018.01.13-23.32.42:971][966]LogSavePackage: Moving 'E:/UnrealProjects/GachaGame/Saved/Untitled_1_Auto28D3CB294430AE48A9E6487922E7D79C2.tmp' to 'E:/UnrealProjects/GachaGame/Saved/Autosaves/Temp/Untitled_1_Auto2.umap'
[2018.01.13-23.32.42:971][966]LogSavePackage: Display: Finished SavePackage E:/UnrealProjects/GachaGame/Saved/Autosaves/Temp/Untitled_1_Auto2.umap
[2018.01.13-23.32.42:972][966]LogFileHelpers: Editor autosave (incl. sublevels) for '/Temp/Untitled_1' took 0.041
[2018.01.13-23.32.42:972][966]LogFileHelpers: Editor autosave (incl. sublevels) for all levels took 0.041
